PS C:\dev\causal-iq\discovery> pytest -c papers.ini -s -k ijar_stab_algos_con_bic
================================================================================================= test session starts ==================================================================================================
platform win32 -- Python 3.8.2, pytest-6.2.5, py-1.11.0, pluggy-1.0.0
rootdir: C:\dev\causal-iq\discovery, configfile: papers.ini
plugins: forked-1.4.0, xdist-2.5.0
collected 120 items / 119 deselected / 1 selected

experiments\papers\ijar_stability\tabu_stable_ijar_v1.py

**Series ['TABU/STABLE3/SCORE_PLUS', 'HC/STABLE3/SCORE_PLUS', 'TABU/BASE3', 'HC/BASE3', 'TETRAD/FGES_BASE3', 'BNLEARN/MMHC_BASE3', 'BNLEARN/H2PC_BASE3', 'BNLEARN/PC_BASE3', 'BNLEARN/GS_BASE3', 'BNLEARN/IIAMB_BASE3']  


Ignoring these experiments: {('arth150_c', 100000)}

Scanning traces of sachs_c in TABU/STABLE3/SCORE_PLUS
Scanning traces of sachs_c in HC/STABLE3/SCORE_PLUS
Scanning traces of sachs_c in TABU/BASE3
Scanning traces of sachs_c in HC/BASE3
Scanning traces of sachs_c in TETRAD/FGES_BASE3
Scanning traces of sachs_c in BNLEARN/MMHC_BASE3
Scanning traces of sachs_c in BNLEARN/H2PC_BASE3
Scanning traces of sachs_c in BNLEARN/PC_BASE3
Scanning traces of sachs_c in BNLEARN/GS_BASE3
Scanning traces of sachs_c in BNLEARN/IIAMB_BASE3
Scanning traces of covid_c in TABU/STABLE3/SCORE_PLUS
Scanning traces of covid_c in HC/STABLE3/SCORE_PLUS
Scanning traces of covid_c in TABU/BASE3
Scanning traces of covid_c in HC/BASE3
Scanning traces of covid_c in TETRAD/FGES_BASE3
Scanning traces of covid_c in BNLEARN/MMHC_BASE3
Scanning traces of covid_c in BNLEARN/H2PC_BASE3
Scanning traces of covid_c in BNLEARN/PC_BASE3
Scanning traces of covid_c in BNLEARN/GS_BASE3
Scanning traces of covid_c in BNLEARN/IIAMB_BASE3
Scanning traces of building_c in TABU/STABLE3/SCORE_PLUS
Scanning traces of building_c in HC/STABLE3/SCORE_PLUS
Scanning traces of building_c in TABU/BASE3
Scanning traces of building_c in HC/BASE3
Scanning traces of building_c in TETRAD/FGES_BASE3
Scanning traces of building_c in BNLEARN/MMHC_BASE3
Scanning traces of building_c in BNLEARN/H2PC_BASE3
Scanning traces of building_c in BNLEARN/PC_BASE3
Scanning traces of building_c in BNLEARN/GS_BASE3
Scanning traces of building_c in BNLEARN/IIAMB_BASE3
Scanning traces of magic-niab_c in TABU/STABLE3/SCORE_PLUS
Scanning traces of magic-niab_c in HC/STABLE3/SCORE_PLUS
Scanning traces of magic-niab_c in TABU/BASE3
Scanning traces of magic-niab_c in HC/BASE3
Scanning traces of magic-niab_c in TETRAD/FGES_BASE3
Scanning traces of magic-niab_c in BNLEARN/MMHC_BASE3
Scanning traces of magic-niab_c in BNLEARN/H2PC_BASE3
Scanning traces of magic-niab_c in BNLEARN/PC_BASE3
Scanning traces of magic-niab_c in BNLEARN/GS_BASE3
Scanning traces of magic-niab_c in BNLEARN/IIAMB_BASE3
Scanning traces of magic-irri_c in TABU/STABLE3/SCORE_PLUS
Scanning traces of magic-irri_c in HC/STABLE3/SCORE_PLUS
Scanning traces of magic-irri_c in TABU/BASE3
Scanning traces of magic-irri_c in HC/BASE3
Scanning traces of magic-irri_c in TETRAD/FGES_BASE3
Scanning traces of magic-irri_c in BNLEARN/MMHC_BASE3
Scanning traces of magic-irri_c in BNLEARN/H2PC_BASE3
Scanning traces of magic-irri_c in BNLEARN/PC_BASE3
Scanning traces of magic-irri_c in BNLEARN/GS_BASE3
Scanning traces of magic-irri_c in BNLEARN/IIAMB_BASE3
Scanning traces of ecoli70_c in TABU/STABLE3/SCORE_PLUS
Scanning traces of ecoli70_c in HC/STABLE3/SCORE_PLUS
Scanning traces of ecoli70_c in TABU/BASE3
Scanning traces of ecoli70_c in HC/BASE3
Scanning traces of ecoli70_c in TETRAD/FGES_BASE3
Scanning traces of ecoli70_c in BNLEARN/MMHC_BASE3
Scanning traces of ecoli70_c in BNLEARN/H2PC_BASE3
Scanning traces of ecoli70_c in BNLEARN/PC_BASE3
Scanning traces of ecoli70_c in BNLEARN/GS_BASE3
Scanning traces of ecoli70_c in BNLEARN/IIAMB_BASE3
Scanning traces of arth150_c in TABU/STABLE3/SCORE_PLUS
Scanning traces of arth150_c in HC/STABLE3/SCORE_PLUS
Scanning traces of arth150_c in TABU/BASE3
Scanning traces of arth150_c in HC/BASE3
Scanning traces of arth150_c in TETRAD/FGES_BASE3
Scanning traces of arth150_c in BNLEARN/MMHC_BASE3
Scanning traces of arth150_c in BNLEARN/H2PC_BASE3
Scanning traces of arth150_c in BNLEARN/PC_BASE3
Scanning traces of arth150_c in BNLEARN/GS_BASE3
Scanning traces of arth150_c in BNLEARN/IIAMB_BASE3

f1-e metric
                         sachs_c  covid_c  building_c  magic-niab_c  magic-irri_c  ecoli70_c  arth150_c      MEAN
series
BNLEARN/H2PC_BASE3        0.4947   0.3179      0.8318        0.5507        0.5057     0.4896     0.4322  0.517514
HC/STABLE3/SCORE_PLUS     0.3830   0.2955      0.8390        0.6172        0.5440     0.5745     0.3990  0.521743
TETRAD/FGES_BASE3         0.6135   0.5268      0.9677        0.7055        0.6402     0.7870     0.5537  0.684914
HC/BASE3                  0.5654   0.3785      0.7157        0.6159        0.5277     0.5050     0.3532  0.523057
BNLEARN/PC_BASE3          0.4429   0.2102      0.7217        0.4918        0.4586     0.3838     0.2203  0.418471
BNLEARN/GS_BASE3          0.6765   0.3842      0.7938        0.4422        0.3778     0.5511     0.3304  0.508000
BNLEARN/MMHC_BASE3        0.5316   0.2756      0.6193        0.6121        0.5307     0.4894     0.3880  0.492386
TABU/STABLE3/SCORE_PLUS   0.3163   0.3377      0.8035        0.6358        0.5493     0.5760     0.4037  0.517471
BNLEARN/IIAMB_BASE3       0.6765   0.3903      0.7342        0.4339        0.3946     0.5603     0.3461  0.505129
TABU/BASE3                0.5040   0.4342      0.8291        0.6426        0.5487     0.5535     0.3554  0.552500


f1-e-std metric
                         sachs_c  covid_c  building_c  magic-niab_c  magic-irri_c  ecoli70_c  arth150_c      MEAN
series
BNLEARN/H2PC_BASE3        0.0857   0.0773      0.0711        0.0544        0.0322     0.0673     0.0360  0.060571
HC/STABLE3/SCORE_PLUS     0.0000   0.0000      0.0000        0.0000        0.0000     0.0000     0.0000  0.000000
TETRAD/FGES_BASE3         0.0000   0.0000      0.0000        0.0000        0.0000     0.0000     0.0000  0.000000
HC/BASE3                  0.1916   0.1017      0.1182        0.1018        0.0646     0.0745     0.0406  0.099000
BNLEARN/PC_BASE3          0.0235   0.0443      0.0117        0.0240        0.0235     0.0717     0.0221  0.031543
BNLEARN/GS_BASE3          0.0000   0.0362      0.0592        0.0159        0.0209     0.0503     0.0204  0.028986
BNLEARN/MMHC_BASE3        0.0823   0.0454      0.0939        0.0567        0.0334     0.0830     0.0334  0.061157
TABU/STABLE3/SCORE_PLUS   0.0000   0.0000      0.0000        0.0000        0.0000     0.0000     0.0000  0.000000
BNLEARN/IIAMB_BASE3       0.0000   0.0015      0.0270        0.0043        0.0045     0.0141     0.0073  0.008386
TABU/BASE3                0.2047   0.0966      0.0870        0.0971        0.0702     0.0910     0.0394  0.098000


p-e metric
                         sachs_c  covid_c  building_c  magic-niab_c  magic-irri_c  ecoli70_c  arth150_c      MEAN
series
BNLEARN/H2PC_BASE3        0.6143   0.4519      0.8797        0.5688        0.5783     0.5473     0.5079  0.592600
HC/STABLE3/SCORE_PLUS     0.4597   0.2916      0.7927        0.5686        0.5202     0.5180     0.3381  0.498414
TETRAD/FGES_BASE3         0.7199   0.6035      0.9750        0.7959        0.7275     0.8099     0.6040  0.747957
HC/BASE3                  0.6261   0.3735      0.6645        0.5773        0.4922     0.4475     0.2951  0.496600
BNLEARN/PC_BASE3          0.5525   0.3062      0.8247        0.4598        0.4460     0.4200     0.2194  0.461229
BNLEARN/GS_BASE3          0.7768   0.4949      0.8969        0.4192        0.3574     0.5921     0.3222  0.551357
BNLEARN/MMHC_BASE3        0.6524   0.4217      0.7017        0.5799        0.5126     0.5532     0.3857  0.543886
TABU/STABLE3/SCORE_PLUS   0.3736   0.3432      0.7538        0.5925        0.5211     0.5209     0.3422  0.492471
BNLEARN/IIAMB_BASE3       0.7768   0.5025      0.8705        0.4080        0.3744     0.6010     0.3347  0.552557
TABU/BASE3                0.5463   0.4368      0.7940        0.6090        0.5160     0.5055     0.2969  0.529214


r-e metric
                         sachs_c  covid_c  building_c  magic-niab_c  magic-irri_c  ecoli70_c  arth150_c      MEAN
series
BNLEARN/H2PC_BASE3        0.4276   0.2519      0.7975        0.5570        0.4731     0.4497     0.3821  0.476986
HC/STABLE3/SCORE_PLUS     0.3382   0.3041      0.8906        0.6780        0.5735     0.6464     0.4978  0.561229
TETRAD/FGES_BASE3         0.5588   0.4797      0.9609        0.6742        0.6152     0.7714     0.5267  0.655271
HC/BASE3                  0.5318   0.3884      0.7778        0.6662        0.5720     0.5819     0.4489  0.566714
BNLEARN/PC_BASE3          0.3794   0.1630      0.6453        0.5339        0.4857     0.3594     0.2256  0.398900
BNLEARN/GS_BASE3          0.6176   0.3192      0.7225        0.4784        0.4101     0.5257     0.3458  0.488471
BNLEARN/MMHC_BASE3        0.4635   0.2095      0.5569        0.6592        0.5633     0.4477     0.3974  0.471071
TABU/STABLE3/SCORE_PLUS   0.2794   0.3378      0.8594        0.6894        0.5833     0.6464     0.5044  0.557157
BNLEARN/IIAMB_BASE3       0.6176   0.3246      0.6447        0.4729        0.4272     0.5364     0.3655  0.484129
TABU/BASE3                0.4776   0.4370      0.8697        0.6858        0.5892     0.6166     0.4524  0.589757


score metric
                         sachs_c  covid_c  building_c  magic-niab_c  magic-irri_c  ecoli70_c  arth150_c       MEAN
series
BNLEARN/H2PC_BASE3      -67.8676 -92.2270     -8.1859      -48.7113      -76.7158   -43.9977   -38.9972 -53.814643
HC/STABLE3/SCORE_PLUS   -67.9591 -90.0701     -2.3838      -48.9916      -76.7361   -42.2775   -38.3103 -52.389786
TETRAD/FGES_BASE3       -67.9627 -90.1286     -2.3944      -49.1893      -77.1279   -42.4285   -39.3905 -52.660271
HC/BASE3                -67.9609 -90.0705     -2.4021      -49.0019      -76.7451   -42.2815   -38.3446 -52.400943
BNLEARN/PC_BASE3        -68.0030 -93.0421    -18.8245      -49.1371      -78.2921   -45.3979   -41.8349 -56.361657
BNLEARN/GS_BASE3        -68.0212 -92.8208    -17.3687      -50.6943      -79.8875   -50.9769   -45.9564 -57.960829
BNLEARN/MMHC_BASE3      -67.8682 -92.3516    -20.7313      -48.5066      -76.3447   -44.3359   -38.4018 -55.505729
TABU/STABLE3/SCORE_PLUS -67.9577 -90.0655     -2.3826      -48.9892      -76.7333   -42.2743   -38.2953 -52.385414
BNLEARN/IIAMB_BASE3     -68.0212      NaN    -21.1209           NaN           NaN   -51.5657        NaN -46.902600
TABU/BASE3              -67.9587 -90.0674     -2.3933      -48.9989      -76.7411   -42.2674   -38.3330 -52.394257


score-std metric
                         sachs_c  covid_c  building_c  magic-niab_c  magic-irri_c  ecoli70_c  arth150_c      MEAN
series
BNLEARN/H2PC_BASE3        0.0135   0.0975      2.4067        0.0142        0.0287     0.5057     0.1071  0.453343
HC/STABLE3/SCORE_PLUS     0.0000   0.0000      0.0000        0.0000        0.0000     0.0000     0.0000  0.000000
TETRAD/FGES_BASE3         0.0000   0.0000      0.0000        0.0000        0.0000     0.0000     0.0000  0.000000
HC/BASE3                  0.0025   0.0095      0.0143        0.0113        0.0132     0.0238     0.0498  0.017771
BNLEARN/PC_BASE3          0.0000   0.1846      0.9499        0.0096        0.0923     0.4632     0.3747  0.296329
BNLEARN/GS_BASE3          0.0000   0.7856      3.4605           NaN           NaN     0.8079        NaN  1.263500
BNLEARN/MMHC_BASE3        0.0137   0.0927      2.4441        0.0110        0.0249     0.5185     0.1023  0.458171
TABU/STABLE3/SCORE_PLUS   0.0000   0.0000      0.0000        0.0000        0.0000     0.0000     0.0000  0.000000
BNLEARN/IIAMB_BASE3       0.0000      NaN      1.4043           NaN           NaN     0.0000        NaN  0.468100
TABU/BASE3                0.0012   0.0095      0.0111        0.0106        0.0132     0.0231     0.0487  0.016771


bsf-e metric
                         sachs_c  covid_c  building_c  magic-niab_c  magic-irri_c  ecoli70_c  arth150_c      MEAN
series
BNLEARN/H2PC_BASE3        0.6995   0.3880      0.8470        0.6510        0.5674     0.6996     0.5471  0.628514
HC/STABLE3/SCORE_PLUS     0.7662   0.4135      0.9238        0.7770        0.6875     0.8217     0.7673  0.736714
TETRAD/FGES_BASE3         0.7010   0.5450      0.9845        0.7093        0.6675     0.8500     0.6660  0.731900
HC/BASE3                  0.7593   0.4685      0.8691        0.7657        0.6913     0.7874     0.7251  0.723771
BNLEARN/PC_BASE3          0.6847   0.3160      0.6900        0.7034        0.6367     0.6348     0.5418  0.601057
BNLEARN/GS_BASE3          0.7582   0.4311      0.7543        0.6275        0.5612     0.7449     0.6079  0.640729
BNLEARN/MMHC_BASE3        0.6783   0.3322      0.6384        0.7525        0.6744     0.6462     0.6143  0.619471
TABU/STABLE3/SCORE_PLUS   0.7662   0.4263      0.9218        0.7895        0.6965     0.8237     0.7703  0.742043
BNLEARN/IIAMB_BASE3       0.7582   0.4334      0.6905        0.6220        0.5709     0.7611     0.6289  0.637857
TABU/BASE3                0.7689   0.5064      0.9270        0.7807        0.7027     0.8139     0.7314  0.747286


time metric
                         sachs_c  covid_c  building_c  magic-niab_c  magic-irri_c  ecoli70_c  arth150_c        MEAN
series
BNLEARN/H2PC_BASE3         1.344   14.835       5.334     1133.9400       48.8053    286.165    23.5520  216.282186
HC/STABLE3/SCORE_PLUS      2.344   16.223      14.694       72.5810      127.5460     32.148    83.5187   49.864957
TETRAD/FGES_BASE3         15.640   41.340      36.440      142.9500      328.7509   1681.450   385.7556  376.046643
HC/BASE3                   1.075    5.977       7.218       41.4270       79.2880     28.324    38.5253   28.833471
BNLEARN/PC_BASE3           0.267    2.035       0.725       25.9340       70.8070     15.859  1822.8027  276.918529
BNLEARN/GS_BASE3           0.358    3.130       6.542       72.8093       33.5440     66.924  2024.7340  315.434471
BNLEARN/MMHC_BASE3         0.552    8.251      30.952       38.7080      490.1410    253.896  2697.9080  502.915429
TABU/STABLE3/SCORE_PLUS    1.041    5.914       5.861       31.3790       64.9960     21.239    76.3507   29.540100
BNLEARN/IIAMB_BASE3        0.216    2.366       2.408       77.0653       24.7373     10.262   850.1587  138.173329
TABU/BASE3                 0.667    3.136       3.989       16.4030       45.1990     18.059    57.6960   20.735571


nonex metric
                         sachs_c  covid_c  building_c  magic-niab_c  magic-irri_c  ecoli70_c  arth150_c       MEAN
series
BNLEARN/H2PC_BASE3             0        0           0             0             0          0          0   0.000000
HC/STABLE3/SCORE_PLUS          0        0           0             0             0          0          0   0.000000
TETRAD/FGES_BASE3              0        0           0             0             0          0          0   0.000000
HC/BASE3                       0        0           0             0             0          0          0   0.000000
BNLEARN/PC_BASE3               0       25           1             4            50         55         56  27.285714
BNLEARN/GS_BASE3              25       94          12            73            74         78         51  58.142857
BNLEARN/MMHC_BASE3             0        0           0             0             0          0          0   0.000000
TABU/STABLE3/SCORE_PLUS        0        0           0             0             0          0          0   0.000000
BNLEARN/IIAMB_BASE3           25      100           0            75            75         75         75  60.714286
TABU/BASE3                     0        0           0             0             0          0          0   0.000000


expts metric
                         sachs_c  covid_c  building_c  magic-niab_c  magic-irri_c  ecoli70_c  arth150_c       MEAN
series
BNLEARN/H2PC_BASE3           100      100         100            75            75        100         50  85.714286
HC/STABLE3/SCORE_PLUS        100      100         100           100           100        100         75  96.428571
TETRAD/FGES_BASE3            100      100         100           100            98         77         53  89.714286
HC/BASE3                     100      100         100           100           100        100         75  96.428571
BNLEARN/PC_BASE3             100      100         100           100           100        100         75  96.428571
BNLEARN/GS_BASE3             100      100         100            75            75        100         52  86.000000
BNLEARN/MMHC_BASE3           100      100         100           100           100        100         75  96.428571
TABU/STABLE3/SCORE_PLUS      100      100         100           100           100        100         75  96.428571
BNLEARN/IIAMB_BASE3          100      100         100            75            75        100         75  89.285714
TABU/BASE3                   100      100         100           100           100        100         75  96.428571


dens metric
                         sachs_c  covid_c  building_c  magic-niab_c  magic-irri_c  ecoli70_c  arth150_c      MEAN
series
BNLEARN/H2PC_BASE3        1.1136   1.2206      1.2083        1.2576        1.1510     1.2639     1.0234  1.176914
HC/STABLE3/SCORE_PLUS     1.2500   2.1765      1.5000        1.7557        1.8516     1.9511     2.2523  1.819600
TETRAD/FGES_BASE3         1.1818   1.7059      1.3125        1.1080        1.2031     1.4293     1.1807  1.303043
HC/BASE3                  1.3355   2.2512      1.5871        1.7684        1.9138     2.0352     2.3286  1.888543
BNLEARN/PC_BASE3          1.0909   1.0735      1.0312        1.5870        1.6250     1.2500     1.3769  1.290643
BNLEARN/GS_BASE3          1.2045   1.2941      1.0650        1.5312        1.5996     1.3161     1.4612  1.353100
BNLEARN/MMHC_BASE3        1.1136   1.0794      1.0454        1.5966        1.6391     1.2189     1.4131  1.300871
TABU/STABLE3/SCORE_PLUS   1.2500   2.1176      1.5208        1.7330        1.8789     1.9457     2.2710  1.816714
BNLEARN/IIAMB_BASE3       1.2045   1.2941      0.9758        1.5379        1.6354     1.3324     1.4984  1.354071
TABU/BASE3                1.3145   2.1729      1.4863        1.7318        1.8992     1.9520     2.3480  1.843529


dens-std metric
                         sachs_c  covid_c  building_c  magic-niab_c  magic-irri_c  ecoli70_c  arth150_c      MEAN
series
BNLEARN/H2PC_BASE3        0.0000   0.0000      0.0000        0.0000        0.0000     0.0070     0.0000  0.001000
HC/STABLE3/SCORE_PLUS     0.0000   0.0000      0.0000        0.0000        0.0000     0.0000     0.0000  0.000000
TETRAD/FGES_BASE3         0.0000   0.0000      0.0000        0.0000        0.0000     0.0000     0.0000  0.000000
HC/BASE3                  0.0787   0.1492      0.1202        0.2147        0.1134     0.1124     0.0786  0.123886
BNLEARN/PC_BASE3          0.0000   0.0000      0.0000        0.0027        0.0000     0.0000     0.0000  0.000386
BNLEARN/GS_BASE3          0.0000   0.0221      0.0813        0.0282        0.0234     0.0286     0.0263  0.029986
BNLEARN/MMHC_BASE3        0.0000   0.0447      0.0165        0.0000        0.0020     0.0181     0.0035  0.012114
TABU/STABLE3/SCORE_PLUS   0.0000   0.0000      0.0000        0.0000        0.0000     0.0000     0.0000  0.000000
BNLEARN/IIAMB_BASE3       0.0000   0.0000      0.0295        0.0000        0.0000     0.0037     0.0000  0.004743
TABU/BASE3                0.0481   0.1637      0.0752        0.1993        0.1166     0.1309     0.0833  0.116729


n metric
                         sachs_c  covid_c  building_c  magic-niab_c  magic-irri_c  ecoli70_c  arth150_c       MEAN
series
BNLEARN/H2PC_BASE3            11       17          24            44            64         46        107  44.714286
HC/STABLE3/SCORE_PLUS         11       17          24            44            64         46        107  44.714286
TETRAD/FGES_BASE3             11       17          24            44            64         46        107  44.714286
HC/BASE3                      11       17          24            44            64         46        107  44.714286
BNLEARN/PC_BASE3              11       17          24            44            64         46        107  44.714286
BNLEARN/GS_BASE3              11       17          24            44            64         46        107  44.714286
BNLEARN/MMHC_BASE3            11       17          24            44            64         46        107  44.714286
TABU/STABLE3/SCORE_PLUS       11       17          24            44            64         46        107  44.714286
BNLEARN/IIAMB_BASE3           11       17          24            44            64         46        107  44.714286
TABU/BASE3                    11       17          24            44            64         46        107  44.714286


|E| metric
                         sachs_c  covid_c  building_c  magic-niab_c  magic-irri_c  ecoli70_c  arth150_c       MEAN
series
BNLEARN/H2PC_BASE3         12.25    20.75       29.00       55.3333       73.6667      58.14   109.5000  51.234286
HC/STABLE3/SCORE_PLUS      13.75    37.00       36.00       77.2500      118.5000      89.75   241.0000  87.607143
TETRAD/FGES_BASE3          13.00    29.00       31.50       48.7500       77.0000      65.75   126.3333  55.904757
HC/BASE3                   14.69    38.27       38.09       77.8100      122.4800      93.62   249.1600  90.588571
BNLEARN/PC_BASE3           12.00    18.25       24.75       69.8300      104.0000      57.50   147.3333  61.951900
BNLEARN/GS_BASE3           13.25    22.00       25.56       67.3733      102.3733      60.54   156.3533  63.921414
BNLEARN/MMHC_BASE3         12.25    18.35       25.09       70.2500      104.9000      56.07   151.2000  62.587143
TABU/STABLE3/SCORE_PLUS    13.75    36.00       36.50       76.2500      120.2500      89.50   243.0000  87.892857
BNLEARN/IIAMB_BASE3        13.25    22.00       23.42       67.6667      104.6667      61.29   160.3333  64.660957
TABU/BASE3                 14.46    36.94       35.67       76.2000      121.5500      89.79   251.2400  89.407143


|A| metric
                         sachs_c  covid_c  building_c  magic-niab_c  magic-irri_c  ecoli70_c  arth150_c       MEAN
series
BNLEARN/H2PC_BASE3            17       37          32            66           102         70        150  67.714286
HC/STABLE3/SCORE_PLUS         17       37          32            66           102         70        150  67.714286
TETRAD/FGES_BASE3             17       37          32            66           102         70        150  67.714286
HC/BASE3                      17       37          32            66           102         70        150  67.714286
BNLEARN/PC_BASE3              17       37          32            66           102         70        150  67.714286
BNLEARN/GS_BASE3              17       37          32            66           102         70        150  67.714286
BNLEARN/MMHC_BASE3            17       37          32            66           102         70        150  67.714286
TABU/STABLE3/SCORE_PLUS       17       37          32            66           102         70        150  67.714286
BNLEARN/IIAMB_BASE3           17       37          32            66           102         70        150  67.714286
TABU/BASE3                    17       37          32            66           102         70        150  67.714286



Means across all sample sizes and networks:

                           f1-e  f1-e-std     p-e     r-e    score  score-std   bsf-e   time    nonex    expts    dens  dens-std        n      |E|      |A|
BNLEARN/H2PC_BASE3       0.5175    0.0606  0.5926  0.4770 -53.8146     0.4533  0.6285  216.3   0.0000  85.7143  1.1769    0.0010  44.7143  51.2343  67.7143
HC/STABLE3/SCORE_PLUS    0.5217    0.0000  0.4984  0.5612 -52.3898     0.0000  0.7367   49.9   0.0000  96.4286  1.8196    0.0000  44.7143  87.6071  67.7143
TETRAD/FGES_BASE3        0.6849    0.0000  0.7480  0.6553 -52.6603     0.0000  0.7319  376.0   0.0000  89.7143  1.3030    0.0000  44.7143  55.9048  67.7143
HC/BASE3                 0.5231    0.0990  0.4966  0.5667 -52.4009     0.0178  0.7238   28.8   0.0000  96.4286  1.8885    0.1239  44.7143  90.5886  67.7143
BNLEARN/PC_BASE3         0.4185    0.0315  0.4612  0.3989 -56.3617     0.2963  0.6011  276.9  27.2857  96.4286  1.2906    0.0004  44.7143  61.9519  67.7143
BNLEARN/GS_BASE3         0.5080    0.0290  0.5514  0.4885 -57.9608     1.2635  0.6407  315.4  58.1429  86.0000  1.3531    0.0300  44.7143  63.9214  67.7143
BNLEARN/MMHC_BASE3       0.4924    0.0612  0.5439  0.4711 -55.5057     0.4582  0.6195  502.9   0.0000  96.4286  1.3009    0.0121  44.7143  62.5871  67.7143
TABU/STABLE3/SCORE_PLUS  0.5175    0.0000  0.4925  0.5572 -52.3854     0.0000  0.7420   29.5   0.0000  96.4286  1.8167    0.0000  44.7143  87.8929  67.7143
BNLEARN/IIAMB_BASE3      0.5051    0.0084  0.5526  0.4841 -46.9026     0.4681  0.6379  138.2  60.7143  89.2857  1.3541    0.0047  44.7143  64.6610  67.7143
TABU/BASE3               0.5525    0.0980  0.5292  0.5898 -52.3943     0.0168  0.7473   20.7   0.0000  96.4286  1.8435    0.1167  44.7143  89.4071  67.7143
      subplot        x_val     y_val y_var
0        f1-e  Tabu-Stable    0.5175    no
1        f1-e    HC-Stable    0.5217    no
2        f1-e         Tabu    0.5525    no
3        f1-e           HC    0.5231    no
4        f1-e         FGES    0.6849    no
5        f1-e         MMHC    0.4924    no
6        f1-e         H2PC    0.5175    no
7        f1-e    PC-Stable    0.4185    no
8        f1-e           GS    0.5080    no
9        f1-e   Inter-IAMB    0.5051    no
10   f1-e-std  Tabu-Stable    0.0000    no
11   f1-e-std    HC-Stable    0.0000    no
12   f1-e-std         Tabu    0.0980    no
13   f1-e-std           HC    0.0990    no
14   f1-e-std         FGES    0.0000    no
15   f1-e-std         MMHC    0.0612    no
16   f1-e-std         H2PC    0.0606    no
17   f1-e-std    PC-Stable    0.0315    no
18   f1-e-std           GS    0.0290    no
19   f1-e-std   Inter-IAMB    0.0084    no
20        p-e  Tabu-Stable    0.4925    no
21        p-e    HC-Stable    0.4984    no
22        p-e         Tabu    0.5292    no
23        p-e           HC    0.4966    no
24        p-e         FGES    0.7480    no
25        p-e         MMHC    0.5439    no
26        p-e         H2PC    0.5926    no
27        p-e    PC-Stable    0.4612    no
28        p-e           GS    0.5514    no
29        p-e   Inter-IAMB    0.5526    no
30        r-e  Tabu-Stable    0.5572    no
31        r-e    HC-Stable    0.5612    no
32        r-e         Tabu    0.5898    no
33        r-e           HC    0.5667    no
34        r-e         FGES    0.6553    no
35        r-e         MMHC    0.4711    no
36        r-e         H2PC    0.4770    no
37        r-e    PC-Stable    0.3989    no
38        r-e           GS    0.4885    no
40      score  Tabu-Stable  -52.3854    no
42      score         Tabu  -52.3943    no
43      score           HC  -52.4009    no
44      score         FGES  -52.6603    no
45      score         MMHC  -55.5057    no
46      score         H2PC  -53.8146    no
47      score    PC-Stable  -56.3617    no
48      score           GS  -57.9608    no
49      score   Inter-IAMB  -46.9026    no
50  score-std  Tabu-Stable    0.0000    no
51  score-std    HC-Stable    0.0000    no
52  score-std         Tabu    0.0168    no
53  score-std           HC    0.0178    no
54  score-std         FGES    0.0000    no
55  score-std         MMHC    0.4582    no
56  score-std         H2PC    0.4533    no
57  score-std    PC-Stable    0.2963    no
58  score-std           GS    1.2635    no
59  score-std   Inter-IAMB    0.4681    no
60      bsf-e  Tabu-Stable    0.7420    no
61      bsf-e    HC-Stable    0.7367    no
62      bsf-e         Tabu    0.7473    no
63      bsf-e           HC    0.7238    no
64      bsf-e         FGES    0.7319    no
65      bsf-e         MMHC    0.6195    no
66      bsf-e         H2PC    0.6285    no
67      bsf-e    PC-Stable    0.6011    no
68      bsf-e           GS    0.6407    no
69      bsf-e   Inter-IAMB    0.6379    no
70       time  Tabu-Stable   29.5000    no
71       time    HC-Stable   49.9000    no
72       time         Tabu   20.7000    no
73       time           HC   28.8000    no
74       time         FGES  376.0000    no
75       time         MMHC  502.9000    no
76       time         H2PC  216.3000    no
77       time    PC-Stable  276.9000    no
78       time           GS  315.4000    no
79       time   Inter-IAMB  138.2000    no
figure.dpi = 300
figure.per_row = 2
figure.subplots_bottom = 0.12
figure.subplots_hspace = 0.55
figure.subplots_left = 0.04
figure.subplots_right = 0.9
figure.subplots_wspace = 0.3
legend.title = Exclude
identical &
single-valued
variables
subplot.aspect = 1.5
subplot.grid = True
subplot.kind = bar
subplot.title = {'f1-e': '(a) F1', 'f1-e-std': '(b) F1 SD', 'p-e': '(c) Precision', 'r-e': '(d) Recall', 'score': '(e) BIC', 'score-std': '(f) BIC SD', 'bsf-e': '(g) BSF', 'time': '(h) Time (seconds)'}      
xaxis.label = Algorithm
xaxis.shared = False
xaxis.ticks_rotation = -60
yaxis.label = {'f1-e': 'F1', 'f1-e-std': 'F1 S.D.', 'p-e': 'Precision', 'r-e': 'Recall', 'score': 'BIC', 'score-std': 'BIC SD', 'bsf': 'BSF', 'time': 'Time'}
yaxis.shared = False
Unique y_vars are: ['no']
Sub plot is f1-e
Sub plot is f1-e-std
Sub plot is p-e
Sub plot is r-e
Sub plot is score
Sub plot is score-std
Sub plot is bsf-e
Sub plot is time
Legend is Legend
