Scanning traces of asia in TABU/BASE3
Scanning traces of asia in HC/BASE3
Scanning traces of asia in TETRAD/FGES_BASE3
Scanning traces of asia in BNLEARN/MMHC_BASE3
Scanning traces of asia in BNLEARN/H2PC_BASE3
Scanning traces of asia in BNLEARN/PC_BASE3
Scanning traces of asia in BNLEARN/GS_BASE3
Scanning traces of asia in BNLEARN/IIAMB_BASE3
Scanning traces of sports in TABU/STABLE3/SCORE_PLUS
Scanning traces of sports in HC/STABLE3/SCORE_PLUS
Scanning traces of sports in TABU/BASE3
Scanning traces of sports in HC/BASE3
Scanning traces of sports in TETRAD/FGES_BASE3
Scanning traces of sports in BNLEARN/MMHC_BASE3
Scanning traces of sports in BNLEARN/H2PC_BASE3
Scanning traces of sports in BNLEARN/PC_BASE3
Scanning traces of sports in BNLEARN/GS_BASE3
Scanning traces of sports in BNLEARN/IIAMB_BASE3
Scanning traces of sachs in TABU/STABLE3/SCORE_PLUS
Scanning traces of sachs in HC/STABLE3/SCORE_PLUS
Scanning traces of sachs in TABU/BASE3
Scanning traces of sachs in HC/BASE3
Scanning traces of sachs in TETRAD/FGES_BASE3
Scanning traces of sachs in BNLEARN/MMHC_BASE3
Scanning traces of sachs in BNLEARN/H2PC_BASE3
Scanning traces of sachs in BNLEARN/PC_BASE3
Scanning traces of sachs in BNLEARN/GS_BASE3
Scanning traces of sachs in BNLEARN/IIAMB_BASE3
Scanning traces of covid in TABU/STABLE3/SCORE_PLUS
Scanning traces of covid in HC/STABLE3/SCORE_PLUS
Scanning traces of covid in TABU/BASE3
Scanning traces of covid in HC/BASE3
Scanning traces of covid in TETRAD/FGES_BASE3
Scanning traces of covid in BNLEARN/MMHC_BASE3
Scanning traces of covid in BNLEARN/H2PC_BASE3
Scanning traces of covid in BNLEARN/PC_BASE3
Scanning traces of covid in BNLEARN/GS_BASE3
Scanning traces of covid in BNLEARN/IIAMB_BASE3
Scanning traces of child in TABU/STABLE3/SCORE_PLUS
Scanning traces of child in HC/STABLE3/SCORE_PLUS
Scanning traces of child in TABU/BASE3
Scanning traces of child in HC/BASE3
Scanning traces of child in TETRAD/FGES_BASE3
Scanning traces of child in BNLEARN/MMHC_BASE3
Scanning traces of child in BNLEARN/H2PC_BASE3
Scanning traces of child in BNLEARN/PC_BASE3
Scanning traces of child in BNLEARN/GS_BASE3
Scanning traces of child in BNLEARN/IIAMB_BASE3
Scanning traces of insurance in TABU/STABLE3/SCORE_PLUS
Scanning traces of insurance in HC/STABLE3/SCORE_PLUS
Scanning traces of insurance in TABU/BASE3
Scanning traces of insurance in HC/BASE3
Scanning traces of insurance in TETRAD/FGES_BASE3
Scanning traces of insurance in BNLEARN/MMHC_BASE3
Scanning traces of insurance in BNLEARN/H2PC_BASE3
Scanning traces of insurance in BNLEARN/PC_BASE3
Scanning traces of insurance in BNLEARN/GS_BASE3
Scanning traces of insurance in BNLEARN/IIAMB_BASE3
Scanning traces of property in TABU/STABLE3/SCORE_PLUS
Scanning traces of property in HC/STABLE3/SCORE_PLUS
Scanning traces of property in TABU/BASE3
Scanning traces of property in HC/BASE3
Scanning traces of property in TETRAD/FGES_BASE3
Scanning traces of property in BNLEARN/MMHC_BASE3
Scanning traces of property in BNLEARN/H2PC_BASE3
Scanning traces of property in BNLEARN/PC_BASE3
Scanning traces of property in BNLEARN/GS_BASE3
Scanning traces of property in BNLEARN/IIAMB_BASE3
Scanning traces of diarrhoea in TABU/STABLE3/SCORE_PLUS
Scanning traces of diarrhoea in HC/STABLE3/SCORE_PLUS
Scanning traces of diarrhoea in TABU/BASE3
Scanning traces of diarrhoea in HC/BASE3
Scanning traces of diarrhoea in TETRAD/FGES_BASE3
Scanning traces of diarrhoea in BNLEARN/MMHC_BASE3
Scanning traces of diarrhoea in BNLEARN/H2PC_BASE3
Scanning traces of diarrhoea in BNLEARN/PC_BASE3
Scanning traces of diarrhoea in BNLEARN/GS_BASE3
Scanning traces of diarrhoea in BNLEARN/IIAMB_BASE3
Scanning traces of water in TABU/STABLE3/SCORE_PLUS
Scanning traces of water in HC/STABLE3/SCORE_PLUS
Scanning traces of water in TABU/BASE3
Scanning traces of water in HC/BASE3
Scanning traces of water in TETRAD/FGES_BASE3
Scanning traces of water in BNLEARN/MMHC_BASE3
Scanning traces of water in BNLEARN/H2PC_BASE3
Scanning traces of water in BNLEARN/PC_BASE3
Scanning traces of water in BNLEARN/GS_BASE3
Scanning traces of water in BNLEARN/IIAMB_BASE3
Scanning traces of mildew in TABU/STABLE3/SCORE_PLUS
Scanning traces of mildew in HC/STABLE3/SCORE_PLUS
Scanning traces of mildew in TABU/BASE3
Scanning traces of mildew in HC/BASE3
Scanning traces of mildew in TETRAD/FGES_BASE3
Scanning traces of mildew in BNLEARN/MMHC_BASE3
Scanning traces of mildew in BNLEARN/H2PC_BASE3
Scanning traces of mildew in BNLEARN/PC_BASE3
Scanning traces of mildew in BNLEARN/GS_BASE3
Scanning traces of mildew in BNLEARN/IIAMB_BASE3
Scanning traces of alarm in TABU/STABLE3/SCORE_PLUS
Scanning traces of alarm in HC/STABLE3/SCORE_PLUS
Scanning traces of alarm in TABU/BASE3
Scanning traces of alarm in HC/BASE3
Scanning traces of alarm in TETRAD/FGES_BASE3
Scanning traces of alarm in BNLEARN/MMHC_BASE3
Scanning traces of alarm in BNLEARN/H2PC_BASE3
Scanning traces of alarm in BNLEARN/PC_BASE3
Scanning traces of alarm in BNLEARN/GS_BASE3
Scanning traces of alarm in BNLEARN/IIAMB_BASE3
Scanning traces of barley in TABU/STABLE3/SCORE_PLUS
Scanning traces of barley in HC/STABLE3/SCORE_PLUS
Scanning traces of barley in TABU/BASE3
Scanning traces of barley in HC/BASE3
Scanning traces of barley in TETRAD/FGES_BASE3
Scanning traces of barley in BNLEARN/MMHC_BASE3
Scanning traces of barley in BNLEARN/H2PC_BASE3
Scanning traces of barley in BNLEARN/PC_BASE3
Scanning traces of barley in BNLEARN/GS_BASE3
Scanning traces of barley in BNLEARN/IIAMB_BASE3
Scanning traces of hailfinder2 in TABU/STABLE3/SCORE_PLUS
Scanning traces of hailfinder2 in HC/STABLE3/SCORE_PLUS
Scanning traces of hailfinder2 in TABU/BASE3
Scanning traces of hailfinder2 in HC/BASE3
Scanning traces of hailfinder2 in TETRAD/FGES_BASE3
Scanning traces of hailfinder2 in BNLEARN/MMHC_BASE3
Scanning traces of hailfinder2 in BNLEARN/H2PC_BASE3
Scanning traces of hailfinder2 in BNLEARN/PC_BASE3
Scanning traces of hailfinder2 in BNLEARN/GS_BASE3
Scanning traces of hailfinder2 in BNLEARN/IIAMB_BASE3
Scanning traces of hepar2 in TABU/STABLE3/SCORE_PLUS
Scanning traces of hepar2 in HC/STABLE3/SCORE_PLUS
Scanning traces of hepar2 in TABU/BASE3
Scanning traces of hepar2 in HC/BASE3
Scanning traces of hepar2 in TETRAD/FGES_BASE3
Scanning traces of hepar2 in BNLEARN/MMHC_BASE3
Scanning traces of hepar2 in BNLEARN/H2PC_BASE3
Scanning traces of hepar2 in BNLEARN/PC_BASE3
Scanning traces of hepar2 in BNLEARN/GS_BASE3
Scanning traces of hepar2 in BNLEARN/IIAMB_BASE3
Scanning traces of win95pts2 in TABU/STABLE3/SCORE_PLUS
Scanning traces of win95pts2 in HC/STABLE3/SCORE_PLUS
Scanning traces of win95pts2 in TABU/BASE3
Scanning traces of win95pts2 in HC/BASE3
Scanning traces of win95pts2 in TETRAD/FGES_BASE3
Scanning traces of win95pts2 in BNLEARN/MMHC_BASE3
Scanning traces of win95pts2 in BNLEARN/H2PC_BASE3
Scanning traces of win95pts2 in BNLEARN/PC_BASE3
Scanning traces of win95pts2 in BNLEARN/GS_BASE3
Scanning traces of win95pts2 in BNLEARN/IIAMB_BASE3
Scanning traces of formed in TABU/STABLE3/SCORE_PLUS
Scanning traces of formed in HC/STABLE3/SCORE_PLUS
Scanning traces of formed in TABU/BASE3
Scanning traces of formed in HC/BASE3
Scanning traces of formed in TETRAD/FGES_BASE3
Scanning traces of formed in BNLEARN/MMHC_BASE3
Scanning traces of formed in BNLEARN/H2PC_BASE3
Scanning traces of formed in BNLEARN/PC_BASE3
Scanning traces of formed in BNLEARN/GS_BASE3
Scanning traces of formed in BNLEARN/IIAMB_BASE3
Scanning traces of pathfinder in TABU/STABLE3/SCORE_PLUS
Scanning traces of pathfinder in HC/STABLE3/SCORE_PLUS
Scanning traces of pathfinder in TABU/BASE3
Scanning traces of pathfinder in HC/BASE3
Scanning traces of pathfinder in TETRAD/FGES_BASE3
Scanning traces of pathfinder in BNLEARN/MMHC_BASE3
Scanning traces of pathfinder in BNLEARN/H2PC_BASE3
Scanning traces of pathfinder in BNLEARN/PC_BASE3
Scanning traces of pathfinder in BNLEARN/GS_BASE3
Scanning traces of pathfinder in BNLEARN/IIAMB_BASE3

f1-e metric
                           asia  sports   sachs   covid   child  insurance  property  diarrhoea   water  mildew   alarm  barley  hailfinder2  hepar2  win95pts2  formed  pathfinder      MEAN
series
BNLEARN/H2PC_BASE3       0.3390  0.4494  0.7782  0.3437  0.4937     0.4204    0.3458     0.3780  0.2249  0.1117  0.4571  0.2620       0.5431  0.4058     0.5478  0.4787      0.1374  0.395100
BNLEARN/PC_BASE3         0.2570  0.4590  0.5946  0.1997  0.5528     0.4085    0.3195     0.2801  0.2441  0.2362  0.5127  0.2473       0.5772  0.1902     0.5671  0.4121      0.0695  0.360447
HC/STABLE3/SCORE_PLUS    0.5975  0.6528  0.8263  0.4910  0.6022     0.4400    0.6368     0.4397  0.2623  0.1142  0.4170  0.2600       0.4897  0.4612     0.5900  0.6747      0.2647  0.483535
BNLEARN/IIAMB_BASE3      0.3824  0.3691  0.4987  0.2581  0.6151     0.3381    0.2908     0.2686  0.2103  0.2373  0.5105  0.1860       0.5281  0.2545     0.5463  0.4388      0.0944  0.354535
HC/BASE3                 0.4881  0.4106  0.7390  0.3663  0.6342     0.4329    0.4695     0.4041  0.2076  0.1507  0.3773  0.2738       0.5118  0.4095     0.4844  0.4988      0.2365  0.417359
BNLEARN/GS_BASE3         0.3660  0.2470  0.5455  0.1085  0.3112     0.1762    0.1244     0.1715  0.1499  0.1323  0.2336  0.0623       0.1639  0.1562     0.3436  0.2383      0.0528  0.210776
BNLEARN/MMHC_BASE3       0.4201  0.5063  0.6806  0.1590  0.4241     0.3131    0.2198     0.3125  0.1946  0.0581  0.3985  0.1204       0.3829  0.2439     0.5095  0.4131      0.0933  0.320576
TABU/BASE3               0.7823  0.4601  0.7995  0.4056  0.7602     0.4939    0.5743     0.3981  0.2258  0.1629  0.4276  0.2931       0.5990  0.4503     0.5172  0.5417      0.2463  0.478700
TABU/STABLE3/SCORE_PLUS  0.9118  0.6252  0.8335  0.5823  0.7860     0.4870    0.6368     0.4295  0.2550  0.1350  0.4590  0.2830       0.6173  0.5068     0.5780  0.6927      0.2613  0.534129
TETRAD/FGES_BASE3        0.7555  0.6528  0.7953  0.5650  0.6767     0.6570    0.5062     0.3122  0.2563  0.2538  0.6310  0.4820       0.3390  0.5042     0.7718  0.7357      0.0780  0.527794


f1-e-std metric
                           asia  sports   sachs   covid   child  insurance  property  diarrhoea   water  mildew   alarm  barley  hailfinder2  hepar2  win95pts2  formed  pathfinder      MEAN
series
BNLEARN/H2PC_BASE3       0.1629  0.1493  0.0720  0.0675  0.1254     0.0670    0.0629     0.0693  0.0383  0.0230  0.0465  0.0331       0.0703  0.0488     0.0464  0.0517      0.0577  0.070124
BNLEARN/PC_BASE3         0.1001  0.1017  0.0794  0.0218  0.0277     0.0410    0.0104     0.0580  0.0336  0.0161  0.0274  0.0177       0.0208  0.0169     0.0163  0.0257      0.0092  0.036694
HC/STABLE3/SCORE_PLUS    0.0000  0.0000  0.0000  0.0000  0.0000     0.0000    0.0000     0.0000  0.0000  0.0000  0.0000  0.0000       0.0000  0.0000     0.0000  0.0000      0.0000  0.000000
BNLEARN/IIAMB_BASE3      0.0180  0.0394  0.0542  0.0420  0.0619     0.0398    0.0427     0.0106  0.0156  0.0460  0.0278  0.0370       0.0291  0.0070     0.0200  0.0179      0.0153  0.030841
HC/BASE3                 0.3181  0.1582  0.1024  0.0889  0.0887     0.1165    0.0976     0.0705  0.0426  0.0379  0.0668  0.0669       0.1288  0.0808     0.0770  0.0886      0.0435  0.098459
BNLEARN/GS_BASE3         0.0611  0.1171  0.1317  0.0619  0.1113     0.0683    0.0775     0.0529  0.0357  0.0363  0.0819  0.0402       0.0808  0.0347     0.0600  0.0459      0.0128  0.065300
BNLEARN/MMHC_BASE3       0.2156  0.1026  0.1290  0.0618  0.0901     0.0670    0.0645     0.0504  0.0365  0.0323  0.0553  0.0328       0.0594  0.0351     0.0386  0.0426      0.0142  0.066341
TABU/BASE3               0.2177  0.1483  0.0489  0.1131  0.0482     0.1348    0.0808     0.0542  0.0483  0.0497  0.0816  0.0677       0.1392  0.0826     0.0770  0.0984      0.0302  0.089453
TABU/STABLE3/SCORE_PLUS  0.0000  0.0000  0.0000  0.0000  0.0000     0.0000    0.0000     0.0000  0.0000  0.0000  0.0000  0.0000       0.0000  0.0000     0.0000  0.0000      0.0000  0.000000
TETRAD/FGES_BASE3        0.0000  0.0000  0.0000  0.0000  0.0000     0.0000    0.0000     0.0000  0.0000  0.0000  0.0000  0.0000       0.0000  0.0000     0.0314  0.0000      0.0000  0.001847


p-e metric
                           asia  sports   sachs   covid   child  insurance  property  diarrhoea   water  mildew   alarm  barley  hailfinder2  hepar2  win95pts2  formed  pathfinder      MEAN
series
BNLEARN/H2PC_BASE3       0.4802  0.6461  0.9389  0.4134  0.5790     0.5284    0.4476     0.5339  0.3877  0.1560  0.5148  0.3920       0.6437  0.5149     0.6752  0.6092      0.3418  0.517812
BNLEARN/PC_BASE3         0.3097  0.6644  0.7692  0.3590  0.6618     0.5452    0.4650     0.4321  0.4236  0.4470  0.6225  0.5427       0.7915  0.3238     0.7083  0.5102      0.5136  0.534682
HC/STABLE3/SCORE_PLUS    0.6111  0.8333  0.9191  0.5443  0.6147     0.4736    0.6792     0.5787  0.3740  0.1179  0.4151  0.2974       0.4979  0.5362     0.5619  0.6845      0.2972  0.531535
BNLEARN/IIAMB_BASE3      0.5430  0.6403  0.5965  0.3876  0.7389     0.4687    0.3862     0.3928  0.4025  0.3737  0.6026  0.3893       0.7204  0.3923     0.7340  0.5746      0.3447  0.511065
HC/BASE3                 0.4936  0.5399  0.8281  0.4046  0.6446     0.4783    0.4960     0.5452  0.3007  0.1544  0.3616  0.3262       0.5125  0.4748     0.4485  0.4913      0.2664  0.456865
BNLEARN/GS_BASE3         0.5292  0.5237  0.7403  0.2552  0.4974     0.3728    0.2236     0.3870  0.3371  0.3391  0.3734  0.2483       0.3444  0.3421     0.5912  0.4191      0.3022  0.401535
BNLEARN/MMHC_BASE3       0.5158  0.7335  0.8696  0.3135  0.5531     0.5006    0.3371     0.5064  0.3725  0.1137  0.4859  0.2886       0.5279  0.3754     0.6509  0.5492      0.4146  0.476959
TABU/BASE3               0.8158  0.6031  0.8985  0.4445  0.7935     0.5483    0.6159     0.5303  0.3220  0.1669  0.4173  0.3495       0.6043  0.5332     0.4834  0.5367      0.2745  0.525747
TABU/STABLE3/SCORE_PLUS  0.9583  0.7833  0.9330  0.6324  0.8210     0.5297    0.6792     0.5626  0.3572  0.1366  0.4585  0.3243       0.6319  0.5998     0.5469  0.7053      0.2912  0.585365
TETRAD/FGES_BASE3        0.8083  0.8333  0.9062  0.6112  0.7364     0.7516    0.5338     0.4926  0.3844  0.2747  0.6398  0.5857       0.3704  0.6740     0.8027  0.7700      0.1072  0.604841


r-e metric
                           asia  sports   sachs   covid   child  insurance  property  diarrhoea   water  mildew   alarm  barley  hailfinder2  hepar2  win95pts2  formed  pathfinder      MEAN
series
BNLEARN/H2PC_BASE3       0.2638  0.3667  0.7188  0.3108  0.4572     0.3564    0.2890     0.3157  0.1628  0.0880  0.4170  0.2029       0.4756  0.3506     0.4681  0.3994      0.0939  0.337453
BNLEARN/PC_BASE3         0.2200  0.3547  0.5176  0.1511  0.4940     0.3354    0.2490     0.2240  0.1766  0.1785  0.4539  0.1673       0.4581  0.1386     0.4813  0.3491      0.0377  0.293347
HC/STABLE3/SCORE_PLUS    0.5938  0.5667  0.7794  0.4595  0.6000     0.4167    0.6048     0.3750  0.2071  0.1141  0.4239  0.2341       0.4844  0.4126     0.6242  0.6691      0.2393  0.459100
BNLEARN/IIAMB_BASE3      0.2963  0.2733  0.4565  0.2022  0.5484     0.2697    0.2358     0.2196  0.1440  0.1750  0.4539  0.1232       0.4210  0.1920     0.4408  0.3589      0.0555  0.286241
HC/BASE3                 0.4912  0.3533  0.6971  0.3492  0.6344     0.4005    0.4548     0.3412  0.1626  0.1504  0.3996  0.2417       0.5152  0.3689     0.5303  0.5123      0.2138  0.400971
BNLEARN/GS_BASE3         0.2812  0.1733  0.4765  0.0716  0.2384     0.1174    0.0890     0.1146  0.0976  0.0833  0.1748  0.0360       0.1083  0.1033     0.2455  0.1680      0.0291  0.153406
BNLEARN/MMHC_BASE3       0.3563  0.3980  0.6059  0.1081  0.3568     0.2290    0.1645     0.2394  0.1337  0.0393  0.3404  0.0763       0.3012  0.1841     0.4235  0.3331      0.0526  0.255424
TABU/BASE3               0.7588  0.3947  0.7465  0.3865  0.7368     0.4549    0.5442     0.3376  0.1778  0.1622  0.4417  0.2583       0.5971  0.3998     0.5588  0.5521      0.2243  0.454829
TABU/STABLE3/SCORE_PLUS  0.8750  0.5500  0.7794  0.5541  0.7600     0.4551    0.6048     0.3676  0.2020  0.1359  0.4620  0.2540       0.6042  0.4492     0.6152  0.6836      0.2376  0.505276
TETRAD/FGES_BASE3        0.7188  0.5667  0.7353  0.5405  0.6400     0.5897    0.4919     0.2537  0.1970  0.2391  0.6250  0.4167       0.3125  0.4329     0.7478  0.7126      0.0615  0.487159


score metric
                           asia   sports   sachs    covid    child  insurance  property  diarrhoea    water   mildew    alarm   barley  hailfinder2   hepar2  win95pts2   formed  pathfinder       MEAN
series
BNLEARN/H2PC_BASE3      -2.5031 -11.8913 -7.7555 -15.1434 -13.4204   -14.1637  -31.0216   -20.0797 -13.3303 -57.9118 -13.3230 -64.9769     -52.7970 -33.9401   -11.8614 -45.0876    -41.9272 -26.537294
BNLEARN/PC_BASE3        -2.5038 -12.0419 -8.0174 -17.0177 -13.7422   -14.5690  -32.3131   -20.7331 -13.3577 -59.6122 -14.0562 -71.7881     -55.8929 -34.2807   -12.0403 -45.4675    -58.1814 -28.565600
HC/STABLE3/SCORE_PLUS   -2.3383 -11.7549 -7.6901 -14.3081 -13.0811   -13.7169  -27.6288   -19.9696 -13.2703 -54.4579 -12.0977 -59.5682     -50.5714 -33.7419   -10.1459 -42.4014    -29.8118 -24.503194
BNLEARN/IIAMB_BASE3     -2.5059 -12.3779 -8.0331 -16.8939 -13.5894   -14.7433  -31.9004   -20.9299 -13.5587 -59.3264 -13.9246 -71.4623     -55.5144 -34.6603   -12.4497 -46.1896    -54.0605 -28.360018
HC/BASE3                -2.3437 -11.8079 -7.6968 -14.4524 -13.1136   -13.7694  -27.6374   -19.9812 -13.2755 -54.4897 -12.1311 -59.5120     -50.5846 -33.7464   -10.1658 -42.4719    -29.8633 -24.531924
BNLEARN/GS_BASE3        -2.5430 -12.3388 -8.1361 -18.8780 -14.9884   -17.4415  -35.0744   -20.8339 -13.7936 -61.7633 -16.7346 -77.7686     -61.1758 -34.5836   -14.0498 -48.7425    -57.4330 -30.369347
BNLEARN/MMHC_BASE3      -2.4896 -11.9219 -7.8866 -16.9616 -13.7641   -15.0950  -32.3990   -20.1556 -13.3785 -59.7305 -14.2667 -71.2788     -56.1239 -34.0846   -11.9382 -45.5908    -54.9633 -28.354629
TABU/BASE3              -2.3383 -11.7874 -7.6888 -14.3985 -13.0724   -13.7290  -27.6299   -19.9769 -13.2733 -54.4729 -12.1061 -59.4407     -50.5706 -33.7398   -10.1604 -42.4647    -29.8056 -24.509135
TABU/STABLE3/SCORE_PLUS -2.3374 -11.7538 -7.6862 -14.3030 -13.0642   -13.6989  -27.6288   -19.9689 -13.2696 -54.4527 -12.0909 -59.5665     -50.5644 -33.7376   -10.1400 -42.3991    -29.7878 -24.497047
TETRAD/FGES_BASE3       -2.3442 -11.7549 -7.7035 -14.3039 -13.0669   -13.6938  -27.6604   -20.0296 -13.2767 -54.4344 -12.0493 -58.8378     -52.6143 -33.9629   -10.2375 -42.3939    -35.1056 -24.909976


score-std metric
                           asia  sports   sachs   covid   child  insurance  property  diarrhoea   water  mildew   alarm  barley  hailfinder2  hepar2  win95pts2  formed  pathfinder      MEAN
series
BNLEARN/H2PC_BASE3       0.0112  0.1193  0.0081  0.1037  0.0784     0.0681    0.2752     0.0145  0.0085  0.4679  0.1148  0.6254       0.5778  0.0125     0.0626  0.1615      0.9351  0.214388
BNLEARN/PC_BASE3         0.0127  0.0870  0.0057  0.1429  0.0246     0.1010    0.0120     0.0598  0.0071  0.2219  0.0296  0.3072       0.0343  0.0310     0.0260  0.0430      0.0083  0.067888
HC/STABLE3/SCORE_PLUS    0.0000  0.0000  0.0000  0.0000  0.0000     0.0000    0.0000     0.0000  0.0000  0.0000  0.0000  0.0000       0.0000  0.0000     0.0000  0.0000      0.0000  0.000000
BNLEARN/IIAMB_BASE3      0.0050  0.0207  0.0258  0.2568  0.0742     0.2009    0.3606     0.0147  0.0238  0.9097  0.2493  1.0893       0.5969  0.0000     0.1461  0.1538      0.7146  0.284835
HC/BASE3                 0.0048  0.0353  0.0075  0.1063  0.0592     0.0731    0.0111     0.0122  0.0072  0.0449  0.0484  0.2460       0.0193  0.0112     0.0174  0.0523      0.0833  0.049382
BNLEARN/GS_BASE3         0.0366  0.2234  0.1336  0.5727  0.4626     0.4910    1.1256     0.1599  0.1932  1.0877  0.6401  1.2933       1.2328  0.1138     0.4219  0.6835      0.7493  0.565941
BNLEARN/MMHC_BASE3       0.0149  0.1530  0.0175  0.2887  0.2093     0.2205    0.5819     0.0304  0.0288  0.6659  0.3191  1.1326       0.5505  0.0312     0.0880  0.1960      0.7737  0.311882
TABU/BASE3               0.0013  0.0354  0.0048  0.1033  0.0410     0.0598    0.0083     0.0083  0.0064  0.0424  0.0474  0.2377       0.0178  0.0098     0.0155  0.0525      0.0764  0.045182
TABU/STABLE3/SCORE_PLUS  0.0000  0.0000  0.0000  0.0000  0.0000     0.0000    0.0000     0.0000  0.0000  0.0000  0.0000  0.0000       0.0000  0.0000     0.0000  0.0000      0.0000  0.000000
TETRAD/FGES_BASE3        0.0000  0.0000  0.0000  0.0000  0.0000     0.0000    0.0000     0.0000  0.0000  0.0000  0.0000  0.0000       0.0000  0.0000     0.0000  0.0000      0.0106  0.000624


bsf-e metric
                           asia  sports   sachs   covid   child  insurance  property  diarrhoea   water  mildew   alarm  barley  hailfinder2  hepar2  win95pts2  formed  pathfinder      MEAN
series
BNLEARN/H2PC_BASE3       0.4099  0.4791  0.7689  0.4449  0.6908     0.5734    0.3962     0.4663  0.2909  0.2086  0.5492  0.2938       0.5885  0.4266     0.5626  0.5124      0.2138  0.463288
BNLEARN/PC_BASE3         0.5324  0.4000  0.6470  0.2419  0.5992     0.5131    0.3343     0.3978  0.2815  0.2188  0.5420  0.2184       0.5070  0.2410     0.5537  0.5255      0.0558  0.400553
HC/STABLE3/SCORE_PLUS    0.7130  0.5833  0.7957  0.5677  0.7600     0.6050    0.6685     0.5092  0.3303  0.2910  0.6145  0.3693       0.7443  0.4875     0.6993  0.7630      0.3107  0.577194
BNLEARN/IIAMB_BASE3      0.4526  0.4759  0.7352  0.2981  0.6252     0.4190    0.3644     0.4089  0.2478  0.2641  0.5454  0.1909       0.4817  0.2700     0.5010  0.4764      0.0922  0.402871
HC/BASE3                 0.6409  0.4151  0.7609  0.4688  0.7391     0.5937    0.5679     0.5021  0.3075  0.3075  0.5993  0.3699       0.7190  0.4629     0.6610  0.6883      0.3143  0.536365
BNLEARN/GS_BASE3         0.4200  0.2997  0.6270  0.1045  0.3366     0.2044    0.1737     0.2020  0.1939  0.1216  0.2616  0.0571       0.1688  0.1674     0.3011  0.2745      0.0413  0.232659
BNLEARN/MMHC_BASE3       0.5400  0.4639  0.7011  0.1992  0.5125     0.3516    0.2812     0.3657  0.2450  0.1520  0.4672  0.1485       0.4155  0.2680     0.5231  0.4679      0.0710  0.363141
TABU/BASE3               0.8108  0.4531  0.7821  0.4977  0.7875     0.6303    0.6193     0.5076  0.3189  0.3162  0.6246  0.3838       0.7506  0.4823     0.6787  0.7103      0.3156  0.568788
TABU/STABLE3/SCORE_PLUS  0.8907  0.5713  0.8023  0.6115  0.8005     0.6247    0.6685     0.5055  0.3290  0.3050  0.6395  0.3797       0.7637  0.5115     0.6990  0.7767      0.3130  0.599535
TETRAD/FGES_BASE3        0.7815  0.5833  0.7515  0.5998  0.7235     0.6890    0.5827     0.4165  0.3197  0.3548  0.7230  0.5000       0.6417  0.4703     0.7855  0.7723      0.1640  0.579947


time metric
                          asia  sports  sachs   covid   child  insurance  property  diarrhoea   water  mildew  alarm   barley  hailfinder2  hepar2  win95pts2   formed  pathfinder       MEAN
series
BNLEARN/H2PC_BASE3       0.158   0.793  0.684  13.827   1.394    10.2173     0.799      7.648  1.9240   4.961  3.934  45.5547       5.0920  13.634    27.3813  27.9493     56.6120  13.091918
BNLEARN/PC_BASE3         0.056   0.366  0.332   5.144   0.952     3.9440     0.625     28.848  0.8133   0.990  1.657   7.5653       3.0480  45.480     7.2867  17.9413    144.2933  15.843641
HC/STABLE3/SCORE_PLUS    0.092   0.172  0.240   1.246   1.052     4.5920     2.527      4.069  4.2920   7.252  5.931  19.5333      12.6240  20.720    62.7307  50.1813     63.4107  15.333235
BNLEARN/IIAMB_BASE3      0.025   0.065  0.104   0.501   0.322     0.7893     0.520      0.907  0.5933   1.550  0.885   3.6840       3.3120   3.254     5.9013   7.7027     12.0453   2.480053
HC/BASE3                 0.026   0.054  0.091   0.564   0.343     1.5107     0.997      2.376  2.1800   4.082  2.682   9.6253       8.7493  15.022    22.7040  35.1640     51.2747   9.261471
BNLEARN/GS_BASE3         0.032   0.097  0.129   0.558   0.668     1.5213     1.208      1.137  0.9280   3.364  1.348  11.6147      12.4453   5.255    10.4107  18.9253     17.9747   5.153882
BNLEARN/MMHC_BASE3       0.060   0.232  0.581   2.803   1.223     2.3360     0.515      2.774  0.6480   0.909  1.922   2.1133       3.2627   4.205    12.2493  14.1413     46.2600   5.660859
TABU/BASE3               0.038   0.113  0.141   0.670   0.456     1.4200     0.861      1.391  1.3507   2.671  1.893   5.7400       4.7240   6.606    16.1067  20.1840     28.0227   5.434594
TABU/STABLE3/SCORE_PLUS  0.075   0.170  0.248   1.067   0.771     2.8467     1.413      2.344  2.2533   4.411  3.199   9.8733       7.6040  12.775    25.9853  37.5747     42.4373   9.120447
TETRAD/FGES_BASE3        0.240   0.580  0.900   3.010  16.110    23.0533     1.430     27.290  2.3733  96.640  2.900   6.4533     868.1200   9.530  -564.7067  23.8933     12.7200  31.208029


nonex metric
                         asia  sports  sachs  covid  child  insurance  property  diarrhoea  water  mildew  alarm  barley  hailfinder2  hepar2  win95pts2  formed  pathfinder       MEAN
series
BNLEARN/H2PC_BASE3          0       0      0      0      0          0         0          0      0       0      0       0            0       0          0       0           0   0.000000
BNLEARN/PC_BASE3            0       0      0     26      0         16         0         64      7       0     12      17            7      13         21      14           0  11.588235
HC/STABLE3/SCORE_PLUS       0       0      0      0      0          0         0          0      0       0      0       0            0       0          0       0           0   0.000000
BNLEARN/IIAMB_BASE3         0      28      0      2     25         69         0         50     29       0      4       0            0      25         14       3           1  14.705882
HC/BASE3                    0       0      0      0      0          0         0          0      0       0      0       0            0       0          0       0           0   0.000000
BNLEARN/GS_BASE3            0       1      1      0      2          4         0          8      4       0      0       1            0      11          3       1           0   2.117647
BNLEARN/MMHC_BASE3          0       0      0      0      0          0         0          0      0       0      0       0            0       0          0       0           0   0.000000
TABU/BASE3                  0       0      0      0      0          0         0          0      0       0      0       0            0       0          0       0           0   0.000000
TABU/STABLE3/SCORE_PLUS     0       0      0      0      0          0         0          0      0       0      0       0            0       0          0       0           0   0.000000
TETRAD/FGES_BASE3           0       0      0      0      0          0         0          0      0       0      0       0            0       0          0       0           0   0.000000


expts metric
                         asia  sports  sachs  covid  child  insurance  property  diarrhoea  water  mildew  alarm  barley  hailfinder2  hepar2  win95pts2  formed  pathfinder       MEAN
series
BNLEARN/H2PC_BASE3        100     100    100    100    100         75       100        100     75     100    100      75           75     100         75      75          75  89.705882
BNLEARN/PC_BASE3          100     100    100    100    100         75       100        100     75     100    100      75           75     100         75      75          75  89.705882
HC/STABLE3/SCORE_PLUS     100     100    100    100    100         75       100        100     75     100    100      75           75     100         75      75          75  89.705882
BNLEARN/IIAMB_BASE3       100     100    100    100    100         75       100        100     75     100    100      75           75     100         75      75          75  89.705882
HC/BASE3                  100     100    100    100    100         75       100        100     75     100    100      75           75     100         75      75          75  89.705882
BNLEARN/GS_BASE3          100     100    100    100    100         75       100        100     75     100    100      75           75     100         75      75          75  89.705882
BNLEARN/MMHC_BASE3        100     100    100    100    100         75       100        100     75     100    100      75           75     100         75      75          75  89.705882
TABU/BASE3                100     100    100    100    100         75       100        100     75     100    100      75           75     100         75      75          75  89.705882
TABU/STABLE3/SCORE_PLUS   100     100    100    100    100         75       100        100     75     100    100      75           75     100         75      75          75  89.705882
TETRAD/FGES_BASE3         100     100    100    100    100         75       100        100     75     100    100      75           25     100         75      75          25  83.823529


dens metric
                           asia  sports   sachs   covid   child  insurance  property  diarrhoea   water  mildew   alarm  barley  hailfinder2  hepar2  win95pts2  formed  pathfinder      MEAN
series
BNLEARN/H2PC_BASE3       0.5388  0.8800  1.1882  1.3476  0.9540     1.2825    0.5756     1.2982  0.8404  0.4440  0.8724  0.7600       0.8370  0.9240     0.9542  0.9761      0.5452  0.895188
BNLEARN/PC_BASE3         0.6875  0.6667  1.0000  0.7500  0.8375     1.0988    0.4815     1.1518  0.7708  0.3571  0.7905  0.4931       0.6790  0.6393     0.9254  1.0227      0.1346  0.734488
HC/STABLE3/SCORE_PLUS    1.0000  1.0000  1.2955  1.6471  1.1875     1.5926    0.9074     1.4554  1.0208  0.8643  1.2297  1.1806       1.1543  1.1607     1.5877  1.5227      1.3731  1.245847
BNLEARN/IIAMB_BASE3      0.5463  0.9189  1.1364  0.9559  0.8640     1.0489    0.5385     1.1996  0.7142  0.4803  0.8243  0.5353       0.6810  0.6964     0.8384  0.9415      0.3217  0.778918
HC/BASE3                 1.0388  1.0489  1.2836  1.6900  1.1865     1.6040    0.9659     1.4604  1.0979  0.8449  1.2727  1.1667       1.2027  1.1866     1.6988  1.6297      1.3843  1.280141
BNLEARN/GS_BASE3         0.5162  0.6689  0.9900  0.5112  0.5850     0.6119    0.3633     0.6761  0.5917  0.2560  0.5157  0.2228       0.3701  0.4606     0.5891  0.6158      0.1810  0.513259
BNLEARN/MMHC_BASE3       0.6713  0.8200  1.0836  0.6782  0.7845     0.8686    0.4607     1.0686  0.7188  0.3600  0.7659  0.4478       0.6632  0.7023     0.9091  0.9311      0.2270  0.715335
TABU/BASE3               0.9538  1.0367  1.2627  1.7024  1.1110     1.5719    0.9115     1.4664  1.0933  0.8520  1.2235  1.1683       1.1679  1.1909     1.6612  1.6091      1.3995  1.257771
TABU/STABLE3/SCORE_PLUS  0.9062  1.0278  1.2727  1.6324  1.1000     1.5556    0.9074     1.4554  1.0521  0.8643  1.1892  1.1667       1.1235  1.1750     1.6053  1.5038      1.3884  1.230929
TETRAD/FGES_BASE3        0.8438  1.0000  1.2273  1.6618  1.0250     1.4815    0.9444     1.2946  0.9896  0.7929  1.1081  1.1111       1.0000  0.8964     1.3333  1.4280      1.0272  1.127353


dens-std metric
                           asia  sports   sachs   covid   child  insurance  property  diarrhoea   water  mildew   alarm  barley  hailfinder2  hepar2  win95pts2  formed  pathfinder      MEAN
series
BNLEARN/H2PC_BASE3       0.0136  0.0841  0.0208  0.0461  0.0160     0.0304    0.0172     0.0283  0.0176  0.0168  0.0107  0.0272       0.0400  0.0068     0.0107  0.0146      0.0344  0.025606
BNLEARN/PC_BASE3         0.0000  0.0000  0.0000  0.0000  0.0000     0.0000    0.0000     0.0000  0.0000  0.0000  0.0000  0.0000       0.0000  0.0000     0.0000  0.0000      0.0000  0.000000
HC/STABLE3/SCORE_PLUS    0.0000  0.0000  0.0000  0.0000  0.0000     0.0000    0.0000     0.0000  0.0000  0.0000  0.0000  0.0000       0.0000  0.0000     0.0000  0.0000      0.0000  0.000000
BNLEARN/IIAMB_BASE3      0.0159  0.0226  0.0000  0.0498  0.0149     0.0282    0.0182     0.0063  0.0085  0.0294  0.0155  0.0308       0.0237  0.0000     0.0125  0.0137      0.0284  0.018729
HC/BASE3                 0.1124  0.0649  0.0345  0.0732  0.0479     0.0533    0.0460     0.0344  0.0432  0.0279  0.0493  0.0306       0.0460  0.0271     0.0949  0.0824      0.0173  0.052076
BNLEARN/GS_BASE3         0.0377  0.1155  0.0741  0.0829  0.1022     0.0888    0.0751     0.0852  0.0426  0.0535  0.0673  0.0572       0.0527  0.0476     0.0524  0.0427      0.0279  0.065024
BNLEARN/MMHC_BASE3       0.0159  0.0672  0.0331  0.0653  0.0448     0.0438    0.0396     0.0380  0.0286  0.0370  0.0308  0.0291       0.0287  0.0120     0.0097  0.0166      0.0197  0.032935
TABU/BASE3               0.0733  0.0758  0.0161  0.0753  0.0153     0.0434    0.0194     0.0195  0.0411  0.0305  0.0509  0.0316       0.0492  0.0245     0.0866  0.0812      0.0160  0.044100
TABU/STABLE3/SCORE_PLUS  0.0000  0.0000  0.0000  0.0000  0.0000     0.0000    0.0000     0.0000  0.0000  0.0000  0.0000  0.0000       0.0000  0.0000     0.0000  0.0000      0.0000  0.000000
TETRAD/FGES_BASE3        0.0000  0.0000  0.0000  0.0000  0.0000     0.0000    0.0000     0.0000  0.0000  0.0000  0.0000  0.0000       0.0000  0.0000     0.0000  0.0000      0.0067  0.000394


n metric
                         asia  sports  sachs  covid  child  insurance  property  diarrhoea  water  mildew  alarm  barley  hailfinder2  hepar2  win95pts2  formed  pathfinder       MEAN
series
BNLEARN/H2PC_BASE3          8       9     11     17     20         27        27         28     32      35     37      48           54      70         76      88         109  40.941176
BNLEARN/PC_BASE3            8       9     11     17     20         27        27         28     32      35     37      48           54      70         76      88         109  40.941176
HC/STABLE3/SCORE_PLUS       8       9     11     17     20         27        27         28     32      35     37      48           54      70         76      88         109  40.941176
BNLEARN/IIAMB_BASE3         8       9     11     17     20         27        27         28     32      35     37      48           54      70         76      88         109  40.941176
HC/BASE3                    8       9     11     17     20         27        27         28     32      35     37      48           54      70         76      88         109  40.941176
BNLEARN/GS_BASE3            8       9     11     17     20         27        27         28     32      35     37      48           54      70         76      88         109  40.941176
BNLEARN/MMHC_BASE3          8       9     11     17     20         27        27         28     32      35     37      48           54      70         76      88         109  40.941176
TABU/BASE3                  8       9     11     17     20         27        27         28     32      35     37      48           54      70         76      88         109  40.941176
TABU/STABLE3/SCORE_PLUS     8       9     11     17     20         27        27         28     32      35     37      48           54      70         76      88         109  40.941176
TETRAD/FGES_BASE3           8       9     11     17     20         27        27         28     32      35     37      48           54      70         76      88         109  40.941176


|E| metric
                         asia  sports  sachs  covid  child  insurance  property  diarrhoea    water  mildew  alarm   barley  hailfinder2  hepar2  win95pts2    formed  pathfinder       MEAN
series
BNLEARN/H2PC_BASE3       4.31    7.92  13.07  22.91  19.08    34.6267     15.54      36.35  26.8933   15.54  32.28  36.4800      45.2000   64.68    72.5200   85.8933     59.4267  34.865882
BNLEARN/PC_BASE3         5.50    6.00  11.00  12.75  16.75    29.6667     13.00      32.25  24.6667   12.50  29.25  23.6667      36.6667   44.75    70.3333   90.0000     14.6667  27.848047
HC/STABLE3/SCORE_PLUS    8.00    9.00  14.25  28.00  23.75    43.0000     24.50      40.75  32.6667   30.25  45.50  56.6667      62.3333   81.25   120.6667  134.0000    149.6667  53.191182
BNLEARN/IIAMB_BASE3      4.37    8.27  12.50  16.25  17.28    28.3200     14.54      33.59  22.8533   16.81  30.50  25.6933      36.7733   48.75    63.7200   82.8533     35.0667  29.302347
HC/BASE3                 8.31    9.44  14.12  28.73  23.73    43.3067     26.08      40.89  35.1333   29.57  47.09  56.0000      64.9467   83.06   129.1067  143.4133    150.8933  54.930588
BNLEARN/GS_BASE3         4.13    6.02  10.89   8.69  11.70    16.5200      9.81      18.93  18.9333    8.96  19.08  10.6933      19.9867   32.24    44.7733   54.1867     19.7333  18.545682
BNLEARN/MMHC_BASE3       5.37    7.38  11.92  11.53  15.69    23.4533     12.44      29.92  23.0000   12.60  28.34  21.4933      35.8133   49.16    69.0933   81.9333     24.7467  27.287247
TABU/BASE3               7.63    9.33  13.89  28.94  22.22    42.4400     24.61      41.06  34.9867   29.82  45.27  56.0800      63.0667   83.36   126.2533  141.6000    152.5467  54.300200
TABU/STABLE3/SCORE_PLUS  7.25    9.25  14.00  27.75  22.00    42.0000     24.50      40.75  33.6667   30.25  44.00  56.0000      60.6667   82.25   122.0000  132.3333    151.3333  52.941176
TETRAD/FGES_BASE3        6.75    9.00  13.50  28.25  20.50    40.0000     25.50      36.25  31.6667   27.75  41.00  53.3333      54.0000   62.75   101.3333  125.6667    111.9600  46.424118


|A| metric
                         asia  sports  sachs  covid  child  insurance  property  diarrhoea  water  mildew  alarm  barley  hailfinder2  hepar2  win95pts2  formed  pathfinder       MEAN
series
BNLEARN/H2PC_BASE3          8      15     17     37     25         52        31         68     66      46     46      84           64     123        110     138         195  66.176471
BNLEARN/PC_BASE3            8      15     17     37     25         52        31         68     66      46     46      84           64     123        110     138         195  66.176471
HC/STABLE3/SCORE_PLUS       8      15     17     37     25         52        31         68     66      46     46      84           64     123        110     138         195  66.176471
BNLEARN/IIAMB_BASE3         8      15     17     37     25         52        31         68     66      46     46      84           64     123        110     138         195  66.176471
HC/BASE3                    8      15     17     37     25         52        31         68     66      46     46      84           64     123        110     138         195  66.176471
BNLEARN/GS_BASE3            8      15     17     37     25         52        31         68     66      46     46      84           64     123        110     138         195  66.176471
BNLEARN/MMHC_BASE3          8      15     17     37     25         52        31         68     66      46     46      84           64     123        110     138         195  66.176471
TABU/BASE3                  8      15     17     37     25         52        31         68     66      46     46      84           64     123        110     138         195  66.176471
TABU/STABLE3/SCORE_PLUS     8      15     17     37     25         52        31         68     66      46     46      84           64     123        110     138         195  66.176471
TETRAD/FGES_BASE3           8      15     17     37     25         52        31         68     66      46     46      84           64     123        110     138         195  66.176471



Means across all sample sizes and networks:

                           f1-e  f1-e-std     p-e     r-e    score  score-std   bsf-e  time    nonex    expts    dens  dens-std        n      |E|      |A|
BNLEARN/H2PC_BASE3       0.3951    0.0701  0.5178  0.3375 -26.5373     0.2144  0.4633  13.1   0.0000  89.7059  0.8952    0.0256  40.9412  34.8659  66.1765
BNLEARN/PC_BASE3         0.3604    0.0367  0.5347  0.2933 -28.5656     0.0679  0.4006  15.8  11.5882  89.7059  0.7345    0.0000  40.9412  27.8480  66.1765
HC/STABLE3/SCORE_PLUS    0.4835    0.0000  0.5315  0.4591 -24.5032     0.0000  0.5772  15.3   0.0000  89.7059  1.2458    0.0000  40.9412  53.1912  66.1765
BNLEARN/IIAMB_BASE3      0.3545    0.0308  0.5111  0.2862 -28.3600     0.2848  0.4029   2.5  14.7059  89.7059  0.7789    0.0187  40.9412  29.3023  66.1765
HC/BASE3                 0.4174    0.0985  0.4569  0.4010 -24.5319     0.0494  0.5364   9.3   0.0000  89.7059  1.2801    0.0521  40.9412  54.9306  66.1765
BNLEARN/GS_BASE3         0.2108    0.0653  0.4015  0.1534 -30.3693     0.5659  0.2327   5.2   2.1176  89.7059  0.5133    0.0650  40.9412  18.5457  66.1765
BNLEARN/MMHC_BASE3       0.3206    0.0663  0.4770  0.2554 -28.3546     0.3119  0.3631   5.7   0.0000  89.7059  0.7153    0.0329  40.9412  27.2872  66.1765
TABU/BASE3               0.4787    0.0895  0.5257  0.4548 -24.5091     0.0452  0.5688   5.4   0.0000  89.7059  1.2578    0.0441  40.9412  54.3002  66.1765
TABU/STABLE3/SCORE_PLUS  0.5341    0.0000  0.5854  0.5053 -24.4970     0.0000  0.5995   9.1   0.0000  89.7059  1.2309    0.0000  40.9412  52.9412  66.1765
TETRAD/FGES_BASE3        0.5278    0.0018  0.6048  0.4872 -24.9100     0.0006  0.5799  31.2   0.0000  83.8235  1.1274    0.0004  40.9412  46.4241  66.1765
                           f1-e  f1-e-std     p-e     r-e    score  score-std   bsf-e  time    nonex    expts    dens  dens-std        n      |E|      |A|
BNLEARN/H2PC_BASE3       0.3951    0.0701  0.5178  0.3375 -26.5373     0.2144  0.4633  13.1   0.0000  89.7059  0.8952    0.0256  40.9412  34.8659  66.1765
BNLEARN/PC_BASE3         0.3604    0.0367  0.5347  0.2933 -28.5656     0.0679  0.4006  15.8  11.5882  89.7059  0.7345    0.0000  40.9412  27.8480  66.1765
HC/STABLE3/SCORE_PLUS    0.4835    0.0000  0.5315  0.4591 -24.5032     0.0000  0.5772  15.3   0.0000  89.7059  1.2458    0.0000  40.9412  53.1912  66.1765
BNLEARN/IIAMB_BASE3      0.3545    0.0308  0.5111  0.2862 -28.3600     0.2848  0.4029   2.5  14.7059  89.7059  0.7789    0.0187  40.9412  29.3023  66.1765
HC/BASE3                 0.4174    0.0985  0.4569  0.4010 -24.5319     0.0494  0.5364   9.3   0.0000  89.7059  1.2801    0.0521  40.9412  54.9306  66.1765
BNLEARN/GS_BASE3         0.2108    0.0653  0.4015  0.1534 -30.3693     0.5659  0.2327   5.2   2.1176  89.7059  0.5133    0.0650  40.9412  18.5457  66.1765
BNLEARN/MMHC_BASE3       0.3206    0.0663  0.4770  0.2554 -28.3546     0.3119  0.3631   5.7   0.0000  89.7059  0.7153    0.0329  40.9412  27.2872  66.1765
TABU/BASE3               0.4787    0.0895  0.5257  0.4548 -24.5091     0.0452  0.5688   5.4   0.0000  89.7059  1.2578    0.0441  40.9412  54.3002  66.1765
TABU/STABLE3/SCORE_PLUS  0.5341    0.0000  0.5854  0.5053 -24.4970     0.0000  0.5995   9.1   0.0000  89.7059  1.2309    0.0000  40.9412  52.9412  66.1765
TETRAD/FGES_BASE3        0.5278    0.0018  0.6048  0.4872 -24.9100     0.0006  0.5799  31.2   0.0000  83.8235  1.1274    0.0004  40.9412  46.4241  66.1765
      subplot        x_val    y_val y_var
0        f1-e  Tabu-Stable   0.5341    no
1        f1-e    HC-Stable   0.4835    no
2        f1-e         Tabu   0.4787    no
3        f1-e           HC   0.4174    no
4        f1-e         FGES   0.5278    no
5        f1-e         MMHC   0.3206    no
6        f1-e         H2PC   0.3951    no
7        f1-e    PC-Stable   0.3604    no
8        f1-e           GS   0.2108    no
9        f1-e   Inter-IAMB   0.3545    no
10   f1-e-std  Tabu-Stable   0.0000    no
11   f1-e-std    HC-Stable   0.0000    no
12   f1-e-std         Tabu   0.0895    no
13   f1-e-std           HC   0.0985    no
14   f1-e-std         FGES   0.0018    no
15   f1-e-std         MMHC   0.0663    no
16   f1-e-std         H2PC   0.0701    no
17   f1-e-std    PC-Stable   0.0367    no
18   f1-e-std           GS   0.0653    no
19   f1-e-std   Inter-IAMB   0.0308    no
20        p-e  Tabu-Stable   0.5854    no
21        p-e    HC-Stable   0.5315    no
22        p-e         Tabu   0.5257    no
23        p-e           HC   0.4569    no
24        p-e         FGES   0.6048    no
25        p-e         MMHC   0.4770    no
26        p-e         H2PC   0.5178    no
27        p-e    PC-Stable   0.5347    no
28        p-e           GS   0.4015    no
29        p-e   Inter-IAMB   0.5111    no
30        r-e  Tabu-Stable   0.5053    no
31        r-e    HC-Stable   0.4591    no
32        r-e         Tabu   0.4548    no
33        r-e           HC   0.4010    no
34        r-e         FGES   0.4872    no
35        r-e         MMHC   0.2554    no
36        r-e         H2PC   0.3375    no
37        r-e    PC-Stable   0.2933    no
38        r-e           GS   0.1534    no
39        r-e   Inter-IAMB   0.2862    no
40      score  Tabu-Stable -24.4970    no
41      score    HC-Stable -24.5032    no
42      score         Tabu -24.5091    no
43      score           HC -24.5319    no
44      score         FGES -24.9100    no
45      score         MMHC -28.3546    no
46      score         H2PC -26.5373    no
47      score    PC-Stable -28.5656    no
48      score           GS -30.3693    no
49      score   Inter-IAMB -28.3600    no
50  score-std  Tabu-Stable   0.0000    no
51  score-std    HC-Stable   0.0000    no
52  score-std         Tabu   0.0452    no
53  score-std           HC   0.0494    no
54  score-std         FGES   0.0006    no
55  score-std         MMHC   0.3119    no
56  score-std         H2PC   0.2144    no
57  score-std    PC-Stable   0.0679    no
58  score-std           GS   0.5659    no
59  score-std   Inter-IAMB   0.2848    no
60      bsf-e  Tabu-Stable   0.5995    no
61      bsf-e    HC-Stable   0.5772    no
62      bsf-e         Tabu   0.5688    no
63      bsf-e           HC   0.5364    no
64      bsf-e         FGES   0.5799    no
65      bsf-e         MMHC   0.3631    no
66      bsf-e         H2PC   0.4633    no
67      bsf-e    PC-Stable   0.4006    no
68      bsf-e           GS   0.2327    no
69      bsf-e   Inter-IAMB   0.4029    no
70       time  Tabu-Stable   9.1000    no
71       time    HC-Stable  15.3000    no
72       time         Tabu   5.4000    no
73       time           HC   9.3000    no
74       time         FGES  31.2000    no
75       time         MMHC   5.7000    no
76       time         H2PC  13.1000    no
77       time    PC-Stable  15.8000    no
78       time           GS   5.2000    no
79       time   Inter-IAMB   2.5000    no


**Series ['TABU/STABLE3/SCORE_PLUS', 'HC/STABLE3/SCORE_PLUS', 'TABU/BASE3', 'HC/BASE3', 'BNLEARN/MMHC_BASE3', 'BNLEARN/H2PC_BASE3', 'BNLEARN/PC_BASE3', 'BNLEARN/GS_BASE3', 'BNLEARN/IIAMB_BASE3']


Ignoring these experiments: {('barley', 100), ('pathfinder', 100), ('hailfinder', 100), ('hailfinder2', 100), ('win95pts', 100), ('water', 100), ('insurance', 100), ('formed', 100), ('win95pts2', 100)}

Scanning traces of hailfinder2 in TABU/STABLE3/SCORE_PLUS
Scanning traces of hailfinder2 in HC/STABLE3/SCORE_PLUS
Scanning traces of hailfinder2 in TABU/BASE3
Scanning traces of hailfinder2 in HC/BASE3
Scanning traces of hailfinder2 in BNLEARN/MMHC_BASE3
Scanning traces of hailfinder2 in BNLEARN/H2PC_BASE3
Scanning traces of hailfinder2 in BNLEARN/PC_BASE3
Scanning traces of hailfinder2 in BNLEARN/GS_BASE3
Scanning traces of hailfinder2 in BNLEARN/IIAMB_BASE3
Scanning traces of pathfinder in TABU/STABLE3/SCORE_PLUS
Scanning traces of pathfinder in HC/STABLE3/SCORE_PLUS
Scanning traces of pathfinder in TABU/BASE3
Scanning traces of pathfinder in HC/BASE3
Scanning traces of pathfinder in BNLEARN/MMHC_BASE3
Scanning traces of pathfinder in BNLEARN/H2PC_BASE3
Scanning traces of pathfinder in BNLEARN/PC_BASE3
Scanning traces of pathfinder in BNLEARN/GS_BASE3
Scanning traces of pathfinder in BNLEARN/IIAMB_BASE3

f1-e metric
                         hailfinder2  pathfinder     MEAN
series
BNLEARN/H2PC_BASE3            0.6712      0.1527  0.41195
BNLEARN/PC_BASE3              0.6398      0.0842  0.36200
HC/STABLE3/SCORE_PLUS         0.5035      0.3475  0.42550
BNLEARN/IIAMB_BASE3           0.6116      0.0985  0.35505
HC/BASE3                      0.5366      0.2915  0.41405
BNLEARN/GS_BASE3              0.1807      0.0505  0.11560
BNLEARN/MMHC_BASE3            0.4768      0.0877  0.28225
TABU/BASE3                    0.6660      0.3120  0.48900
TABU/STABLE3/SCORE_PLUS       0.6990      0.3425  0.52075


f1-e-std metric
                         hailfinder2  pathfinder     MEAN
series
BNLEARN/H2PC_BASE3            0.0892      0.0846  0.08690
BNLEARN/PC_BASE3              0.0313      0.0137  0.02250
HC/STABLE3/SCORE_PLUS         0.0000      0.0000  0.00000
BNLEARN/IIAMB_BASE3           0.0329      0.0209  0.02690
HC/BASE3                      0.1729      0.0561  0.11450
BNLEARN/GS_BASE3              0.0823      0.0120  0.04715
BNLEARN/MMHC_BASE3            0.0727      0.0189  0.04580
TABU/BASE3                    0.1696      0.0383  0.10395
TABU/STABLE3/SCORE_PLUS       0.0000      0.0000  0.00000


p-e metric
                         hailfinder2  pathfinder     MEAN
series
BNLEARN/H2PC_BASE3            0.7614      0.2845  0.52295
BNLEARN/PC_BASE3              0.8252      0.4847  0.65495
HC/STABLE3/SCORE_PLUS         0.4921      0.3833  0.43770
BNLEARN/IIAMB_BASE3           0.7909      0.3179  0.55440
HC/BASE3                      0.5155      0.3188  0.41715
BNLEARN/GS_BASE3              0.3605      0.2547  0.30760
BNLEARN/MMHC_BASE3            0.6456      0.3804  0.51300
TABU/BASE3                    0.6528      0.3394  0.49610
TABU/STABLE3/SCORE_PLUS       0.7024      0.3748  0.53860


r-e metric
                         hailfinder2  pathfinder     MEAN
series
BNLEARN/H2PC_BASE3            0.6028      0.1108  0.35680
BNLEARN/PC_BASE3              0.5231      0.0463  0.28470
HC/STABLE3/SCORE_PLUS         0.5156      0.3179  0.41675
BNLEARN/IIAMB_BASE3           0.5003      0.0591  0.27970
HC/BASE3                      0.5603      0.2687  0.41450
BNLEARN/GS_BASE3              0.1212      0.0281  0.07465
BNLEARN/MMHC_BASE3            0.3787      0.0496  0.21415
TABU/BASE3                    0.6809      0.2889  0.48490
TABU/STABLE3/SCORE_PLUS       0.6953      0.3154  0.50535


score metric
                         hailfinder2  pathfinder      MEAN
series
BNLEARN/H2PC_BASE3          -51.1447    -36.9679 -44.05630
BNLEARN/PC_BASE3            -54.0673    -57.1089 -55.58810
HC/STABLE3/SCORE_PLUS       -49.5304    -27.1464 -38.33840
BNLEARN/IIAMB_BASE3         -54.8058    -53.5293 -54.16755
HC/BASE3                    -49.5421    -27.1937 -38.36790
BNLEARN/GS_BASE3            -60.5269    -56.8667 -58.69680
BNLEARN/MMHC_BASE3          -55.9195    -54.9620 -55.44075
TABU/BASE3                  -49.5345    -27.1341 -38.33430
TABU/STABLE3/SCORE_PLUS     -49.5276    -27.1115 -38.31955


score-std metric
                         hailfinder2  pathfinder     MEAN
series
BNLEARN/H2PC_BASE3            0.8154      1.3925  1.10395
BNLEARN/PC_BASE3              0.0514      0.0124  0.03190
HC/STABLE3/SCORE_PLUS         0.0000      0.0000  0.00000
BNLEARN/IIAMB_BASE3           0.8718      0.8464  0.85910
HC/BASE3                      0.0169      0.0845  0.05070
BNLEARN/GS_BASE3              1.3018      0.8191  1.06045
BNLEARN/MMHC_BASE3            0.7774      0.9351  0.85625
TABU/BASE3                    0.0177      0.0733  0.04550
TABU/STABLE3/SCORE_PLUS       0.0000      0.0000  0.00000


bsf-e metric
                         hailfinder2  pathfinder     MEAN
series
BNLEARN/H2PC_BASE3            0.6920      0.2848  0.48840
BNLEARN/PC_BASE3              0.5695      0.0697  0.31960
HC/STABLE3/SCORE_PLUS         0.8210      0.3865  0.60375
BNLEARN/IIAMB_BASE3           0.5435      0.1033  0.32340
HC/BASE3                      0.7869      0.3909  0.58890
BNLEARN/GS_BASE3              0.1843      0.0424  0.11335
BNLEARN/MMHC_BASE3            0.4658      0.0715  0.26865
TABU/BASE3                    0.8255      0.3923  0.60890
TABU/STABLE3/SCORE_PLUS       0.8510      0.3900  0.62050


time metric
                         hailfinder2  pathfinder     MEAN
series
BNLEARN/H2PC_BASE3             7.238      83.654   45.446
BNLEARN/PC_BASE3               4.112     207.818  105.965
HC/STABLE3/SCORE_PLUS         17.058      84.222   50.640
BNLEARN/IIAMB_BASE3            4.762      17.638   11.200
HC/BASE3                      12.194      72.198   42.196
BNLEARN/GS_BASE3              18.284      25.902   22.093
BNLEARN/MMHC_BASE3             4.662      68.060   36.361
TABU/BASE3                     6.182      37.138   21.660
TABU/STABLE3/SCORE_PLUS       10.008      52.740   31.374


nonex metric
                         hailfinder2  pathfinder  MEAN
series
BNLEARN/H2PC_BASE3                 0           0   0.0
BNLEARN/PC_BASE3                   7           0   3.5
HC/STABLE3/SCORE_PLUS              0           0   0.0
BNLEARN/IIAMB_BASE3                0           1   0.5
HC/BASE3                           0           0   0.0
BNLEARN/GS_BASE3                   0           0   0.0
BNLEARN/MMHC_BASE3                 0           0   0.0
TABU/BASE3                         0           0   0.0
TABU/STABLE3/SCORE_PLUS            0           0   0.0


expts metric
                         hailfinder2  pathfinder  MEAN
series
BNLEARN/H2PC_BASE3                50          50  50.0
BNLEARN/PC_BASE3                  50          50  50.0
HC/STABLE3/SCORE_PLUS             50          50  50.0
BNLEARN/IIAMB_BASE3               50          50  50.0
HC/BASE3                          50          50  50.0
BNLEARN/GS_BASE3                  50          50  50.0
BNLEARN/MMHC_BASE3                50          50  50.0
TABU/BASE3                        50          50  50.0
TABU/STABLE3/SCORE_PLUS           50          50  50.0


dens metric
                         hailfinder2  pathfinder     MEAN
series
BNLEARN/H2PC_BASE3            0.9344      0.6996  0.81700
BNLEARN/PC_BASE3              0.7500      0.1697  0.45985
HC/STABLE3/SCORE_PLUS         1.2407      1.4725  1.35660
BNLEARN/IIAMB_BASE3           0.7530      0.3743  0.56365
HC/BASE3                      1.3063      1.4996  1.40295
BNLEARN/GS_BASE3              0.4015      0.2017  0.30160
BNLEARN/MMHC_BASE3            0.6985      0.2323  0.46540
TABU/BASE3                    1.2496      1.5110  1.38030
TABU/STABLE3/SCORE_PLUS       1.1759      1.4908  1.33335


dens-std metric
                         hailfinder2  pathfinder     MEAN
series
BNLEARN/H2PC_BASE3            0.0556      0.0496  0.05260
BNLEARN/PC_BASE3              0.0000      0.0000  0.00000
HC/STABLE3/SCORE_PLUS         0.0000      0.0000  0.00000
BNLEARN/IIAMB_BASE3           0.0355      0.0404  0.03795
HC/BASE3                      0.0600      0.0158  0.03790
BNLEARN/GS_BASE3              0.0575      0.0318  0.04465
BNLEARN/MMHC_BASE3            0.0430      0.0273  0.03515
TABU/BASE3                    0.0666      0.0154  0.04100
TABU/STABLE3/SCORE_PLUS       0.0000      0.0000  0.00000


n metric
                         hailfinder2  pathfinder  MEAN
series
BNLEARN/H2PC_BASE3                54         109  81.5
BNLEARN/PC_BASE3                  54         109  81.5
HC/STABLE3/SCORE_PLUS             54         109  81.5
BNLEARN/IIAMB_BASE3               54         109  81.5
HC/BASE3                          54         109  81.5
BNLEARN/GS_BASE3                  54         109  81.5
BNLEARN/MMHC_BASE3                54         109  81.5
TABU/BASE3                        54         109  81.5
TABU/STABLE3/SCORE_PLUS           54         109  81.5


|E| metric
                         hailfinder2  pathfinder    MEAN
series
BNLEARN/H2PC_BASE3             50.46       76.26   63.36
BNLEARN/PC_BASE3               40.50       18.50   29.50
HC/STABLE3/SCORE_PLUS          67.00      160.50  113.75
BNLEARN/IIAMB_BASE3            40.66       40.80   40.73
HC/BASE3                       70.54      163.46  117.00
BNLEARN/GS_BASE3               21.68       21.98   21.83
BNLEARN/MMHC_BASE3             37.72       25.32   31.52
TABU/BASE3                     67.48      164.70  116.09
TABU/STABLE3/SCORE_PLUS        63.50      162.50  113.00


|A| metric
                         hailfinder2  pathfinder   MEAN
series
BNLEARN/H2PC_BASE3                64         195  129.5
BNLEARN/PC_BASE3                  64         195  129.5
HC/STABLE3/SCORE_PLUS             64         195  129.5
BNLEARN/IIAMB_BASE3               64         195  129.5
HC/BASE3                          64         195  129.5
BNLEARN/GS_BASE3                  64         195  129.5
BNLEARN/MMHC_BASE3                64         195  129.5
TABU/BASE3                        64         195  129.5
TABU/STABLE3/SCORE_PLUS           64         195  129.5



Means across all sample sizes and networks:

                           f1-e  f1-e-std     p-e     r-e    score  score-std   bsf-e   time  nonex  expts    dens  dens-std     n     |E|    |A|
BNLEARN/H2PC_BASE3       0.4120    0.0869  0.5230  0.3568 -44.0563     1.1039  0.4884   45.4    0.0   50.0  0.8170    0.0526  81.5   63.36  129.5
BNLEARN/PC_BASE3         0.3620    0.0225  0.6550  0.2847 -55.5881     0.0319  0.3196  106.0    3.5   50.0  0.4598    0.0000  81.5   29.50  129.5
HC/STABLE3/SCORE_PLUS    0.4255    0.0000  0.4377  0.4167 -38.3384     0.0000  0.6038   50.6    0.0   50.0  1.3566    0.0000  81.5  113.75  129.5
BNLEARN/IIAMB_BASE3      0.3551    0.0269  0.5544  0.2797 -54.1675     0.8591  0.3234   11.2    0.5   50.0  0.5636    0.0379  81.5   40.73  129.5
HC/BASE3                 0.4140    0.1145  0.4171  0.4145 -38.3679     0.0507  0.5889   42.2    0.0   50.0  1.4030    0.0379  81.5  117.00  129.5
BNLEARN/GS_BASE3         0.1156    0.0471  0.3076  0.0746 -58.6968     1.0605  0.1133   22.1    0.0   50.0  0.3016    0.0447  81.5   21.83  129.5
BNLEARN/MMHC_BASE3       0.2823    0.0458  0.5130  0.2141 -55.4408     0.8562  0.2686   36.4    0.0   50.0  0.4654    0.0352  81.5   31.52  129.5
TABU/BASE3               0.4890    0.1040  0.4961  0.4849 -38.3343     0.0455  0.6089   21.7    0.0   50.0  1.3803    0.0410  81.5  116.09  129.5
TABU/STABLE3/SCORE_PLUS  0.5208    0.0000  0.5386  0.5053 -38.3195     0.0000  0.6205   31.4    0.0   50.0  1.3333    0.0000  81.5  113.00  129.5

Scaling for metrics: {'Tabu-Stable': 1.0, 'HC-Stable': 1.0, 'Tabu': 1.0, 'HC': 1.0, 'MMHC': 1.0, 'H2PC': 1.0, 'PC-Stable': 1.0, 'GS': 1.0, 'Inter-IAMB': 1.0}

FGES r-e corrected from 0.4872 --> 0.4784
FGES f1-e corrected from 0.5278 --> 0.5188
FGES p-e corrected from 0.6048 --> 0.5983
FGES bsf-e corrected from 0.5799 --> 0.5715
      subplot        x_val      y_val y_var
0        f1-e  Tabu-Stable   0.534100    no
1        f1-e    HC-Stable   0.483500    no
2        f1-e         Tabu   0.478700    no
3        f1-e           HC   0.417400    no
4        f1-e         FGES   0.518820    no
5        f1-e         MMHC   0.320600    no
6        f1-e         H2PC   0.395100    no
7        f1-e    PC-Stable   0.360400    no
8        f1-e           GS   0.210800    no
9        f1-e   Inter-IAMB   0.354500    no
10   f1-e-std  Tabu-Stable   0.000000    no
11   f1-e-std    HC-Stable   0.000000    no
12   f1-e-std         Tabu   0.089500    no
13   f1-e-std           HC   0.098500    no
14   f1-e-std         FGES   0.001800    no
15   f1-e-std         MMHC   0.066300    no
16   f1-e-std         H2PC   0.070100    no
17   f1-e-std    PC-Stable   0.036700    no
18   f1-e-std           GS   0.065300    no
19   f1-e-std   Inter-IAMB   0.030800    no
20        p-e  Tabu-Stable   0.585400    no
21        p-e    HC-Stable   0.531500    no
22        p-e         Tabu   0.525700    no
23        p-e           HC   0.456900    no
24        p-e         FGES   0.598259    no
25        p-e         MMHC   0.477000    no
26        p-e         H2PC   0.517800    no
27        p-e    PC-Stable   0.534700    no
28        p-e           GS   0.401500    no
29        p-e   Inter-IAMB   0.511100    no
30        r-e  Tabu-Stable   0.505300    no
31        r-e    HC-Stable   0.459100    no
32        r-e         Tabu   0.454800    no
33        r-e           HC   0.401000    no
34        r-e         FGES   0.478354    no
35        r-e         MMHC   0.255400    no
36        r-e         H2PC   0.337500    no
37        r-e    PC-Stable   0.293300    no
38        r-e           GS   0.153400    no
39        r-e   Inter-IAMB   0.286200    no
40      score  Tabu-Stable -24.497000    no
42      score         Tabu -24.509100    no
43      score           HC -24.531900    no
44      score         FGES -24.910000    no
45      score         MMHC -28.354600    no
46      score         H2PC -26.537300    no
47      score    PC-Stable -28.565600    no
48      score           GS -30.369300    no
49      score   Inter-IAMB -28.360000    no
50  score-std  Tabu-Stable   0.000000    no
51  score-std    HC-Stable   0.000000    no
52  score-std         Tabu   0.045200    no
53  score-std           HC   0.049400    no
54  score-std         FGES   0.000600    no
55  score-std         MMHC   0.311900    no
56  score-std         H2PC   0.214400    no
57  score-std    PC-Stable   0.067900    no
58  score-std           GS   0.565900    no
59  score-std   Inter-IAMB   0.284800    no
60      bsf-e  Tabu-Stable   0.599500    no
61      bsf-e    HC-Stable   0.577200    no
62      bsf-e         Tabu   0.568800    no
63      bsf-e           HC   0.536400    no
64      bsf-e         FGES   0.571510    no
65      bsf-e         MMHC   0.363100    no
66      bsf-e         H2PC   0.463300    no
67      bsf-e    PC-Stable   0.400600    no
68      bsf-e           GS   0.232700    no
69      bsf-e   Inter-IAMB   0.402900    no
70       time  Tabu-Stable   9.100000    no
71       time    HC-Stable  15.300000    no
72       time         Tabu   5.400000    no
73       time           HC   9.300000    no
74       time         FGES  31.200000    no
75       time         MMHC   5.700000    no
76       time         H2PC  13.100000    no
77       time    PC-Stable  15.800000    no
78       time           GS   5.200000    no
79       time   Inter-IAMB   2.500000    no
figure.dpi = 300
figure.per_row = 2
figure.subplots_bottom = 0.12
figure.subplots_hspace = 0.55
figure.subplots_left = 0.04
figure.subplots_right = 0.9
figure.subplots_wspace = 0.3
legend.title = Exclude
identical &
single-valued
variables
subplot.aspect = 1.5
subplot.grid = True
subplot.kind = bar
subplot.title = {'f1-e': '(a) F1', 'f1-e-std': '(b) F1 SD', 'p-e': '(c) Precision', 'r-e': '(d) Recall', 'score': '(e) BIC', 'score-std': '(f) BIC SD', 'bsf-e': '(g) BSF', 'time': '(h) Time (seconds)'}      
xaxis.label = Algorithm
xaxis.shared = False
xaxis.ticks_rotation = -60
yaxis.label = {'f1-e': 'F1', 'f1-e-std': 'F1 S.D.', 'p-e': 'Precision', 'r-e': 'Recall', 'score': 'BIC', 'score-std': 'BIC SD', 'bsf': 'BSF', 'time': 'Time'}
yaxis.shared = False
Unique y_vars are: ['no']
Sub plot is f1-e
Sub plot is f1-e-std
Sub plot is p-e
Sub plot is r-e
Sub plot is score
Sub plot is score-std
Sub plot is bsf-e
Sub plot is time
Legend is Legend
