PS C:\dev\causal-iq\discovery> pytest -c papers.ini -s -k ijar_stab_ord_con_bdeu
====================================================================== test session starts =======================================================================
platform win32 -- Python 3.8.2, pytest-6.2.5, py-1.11.0, pluggy-1.0.0
rootdir: C:\dev\causal-iq\discovery, configfile: papers.ini
plugins: forked-1.4.0, xdist-2.5.0
collected 120 items / 119 deselected / 1 selected

experiments\papers\ijar_stability\tabu_stable_ijar_v1.py 

Sample sizes are [100, 1000, 10000, 100000]


**Series ['TABU/STABLE3/BDEU_BASE', 'TABU/STABLE3/BDEU_DEC', 'TABU/STABLE3/BDEU_INC', 'TABU/STABLE3/BDEU_PLUS', 'HC/STABLE3/BDEU_BASE', 'HC/STABLE3/BDEU_PLUS']
Scanning traces of sachs_c in TABU/STABLE3/BDEU_BASE
Scanning traces of sachs_c in TABU/STABLE3/BDEU_DEC
Scanning traces of sachs_c in TABU/STABLE3/BDEU_INC
Scanning traces of sachs_c in TABU/STABLE3/BDEU_PLUS
Scanning traces of sachs_c in HC/STABLE3/BDEU_BASE
Scanning traces of sachs_c in HC/STABLE3/BDEU_PLUS
Scanning traces of covid_c in TABU/STABLE3/BDEU_BASE
Scanning traces of covid_c in TABU/STABLE3/BDEU_DEC
Scanning traces of covid_c in TABU/STABLE3/BDEU_INC
Scanning traces of covid_c in TABU/STABLE3/BDEU_PLUS
Scanning traces of covid_c in HC/STABLE3/BDEU_BASE
Scanning traces of covid_c in HC/STABLE3/BDEU_PLUS
Scanning traces of building_c in TABU/STABLE3/BDEU_BASE
Scanning traces of building_c in TABU/STABLE3/BDEU_DEC
Scanning traces of building_c in TABU/STABLE3/BDEU_INC
Scanning traces of building_c in TABU/STABLE3/BDEU_PLUS
Scanning traces of building_c in HC/STABLE3/BDEU_BASE
Scanning traces of building_c in HC/STABLE3/BDEU_PLUS
Scanning traces of magic-niab_c in TABU/STABLE3/BDEU_BASE
Scanning traces of magic-niab_c in TABU/STABLE3/BDEU_DEC
Scanning traces of magic-niab_c in TABU/STABLE3/BDEU_INC
Scanning traces of magic-niab_c in TABU/STABLE3/BDEU_PLUS
Scanning traces of magic-niab_c in HC/STABLE3/BDEU_BASE
Scanning traces of magic-niab_c in HC/STABLE3/BDEU_PLUS
Scanning traces of magic-irri_c in TABU/STABLE3/BDEU_BASE
Scanning traces of magic-irri_c in TABU/STABLE3/BDEU_DEC
Scanning traces of magic-irri_c in TABU/STABLE3/BDEU_INC
Scanning traces of magic-irri_c in TABU/STABLE3/BDEU_PLUS
Scanning traces of magic-irri_c in HC/STABLE3/BDEU_BASE
Scanning traces of magic-irri_c in HC/STABLE3/BDEU_PLUS
Scanning traces of ecoli70_c in TABU/STABLE3/BDEU_BASE
Scanning traces of ecoli70_c in TABU/STABLE3/BDEU_DEC
Scanning traces of ecoli70_c in TABU/STABLE3/BDEU_INC
Scanning traces of ecoli70_c in TABU/STABLE3/BDEU_PLUS
Scanning traces of ecoli70_c in HC/STABLE3/BDEU_BASE
Scanning traces of ecoli70_c in HC/STABLE3/BDEU_PLUS
Scanning traces of arth150_c in TABU/STABLE3/BDEU_BASE
Scanning traces of arth150_c in TABU/STABLE3/BDEU_DEC
Scanning traces of arth150_c in TABU/STABLE3/BDEU_INC
Scanning traces of arth150_c in TABU/STABLE3/BDEU_PLUS
Scanning traces of arth150_c in HC/STABLE3/BDEU_BASE
Scanning traces of arth150_c in HC/STABLE3/BDEU_PLUS

expts metric
                        sachs_c  covid_c  building_c  magic-niab_c  magic-irri_c  ecoli70_c  arth150_c  MEAN
series
HC/STABLE3/BDEU_BASE         20       20          20            20            20         20         20  20.0
HC/STABLE3/BDEU_PLUS         20       20          20            20            20         20         20  20.0
TABU/STABLE3/BDEU_DEC        20       20          20            20            20         20         20  20.0
TABU/STABLE3/BDEU_PLUS       20       20          20            20            20         20         20  20.0
TABU/STABLE3/BDEU_BASE       20       20          20            20            20         20         20  20.0
TABU/STABLE3/BDEU_INC        20       20          20            20            20         20         20  20.0


f1-e metric
                        sachs_c  covid_c  building_c  magic-niab_c  magic-irri_c  ecoli70_c  arth150_c      MEAN
series
HC/STABLE3/BDEU_BASE     0.4944   0.3447      0.7404        0.6613        0.5421     0.5384     0.3616  0.526129
HC/STABLE3/BDEU_PLUS     0.5170   0.2557      0.8470        0.6148        0.5483     0.6285     0.4073  0.545514
TABU/STABLE3/BDEU_DEC    0.3440   0.4413      0.8342        0.5663        0.5040     0.6212     0.4333  0.534900
TABU/STABLE3/BDEU_PLUS   0.4240   0.3370      0.8342        0.6270        0.5463     0.6150     0.4073  0.541543
TABU/STABLE3/BDEU_BASE   0.4986   0.4126      0.8695        0.6794        0.5759     0.5900     0.3808  0.572400
TABU/STABLE3/BDEU_INC    0.4240   0.3370      0.6192        0.6462        0.5585     0.5897     0.3127  0.498186


f1-e-std metric
                        sachs_c  covid_c  building_c  magic-niab_c  magic-irri_c  ecoli70_c  arth150_c      MEAN
series
HC/STABLE3/BDEU_BASE     0.1271   0.1080      0.0987        0.0530        0.0508     0.0881     0.0527  0.082629
HC/STABLE3/BDEU_PLUS     0.0000   0.0000      0.0000        0.0000        0.0000     0.0000     0.0000  0.000000
TABU/STABLE3/BDEU_DEC    0.0000   0.0000      0.0000        0.0000        0.0000     0.0000     0.0000  0.000000
TABU/STABLE3/BDEU_PLUS   0.0000   0.0000      0.0000        0.0000        0.0000     0.0000     0.0000  0.000000
TABU/STABLE3/BDEU_BASE   0.1932   0.0823      0.1049        0.0357        0.0509     0.0932     0.0489  0.087014
TABU/STABLE3/BDEU_INC    0.0000   0.0000      0.0000        0.0000        0.0000     0.0000     0.0000  0.000000


f1 metric
                        sachs_c  covid_c  building_c  magic-niab_c  magic-irri_c  ecoli70_c  arth150_c      MEAN
series
HC/STABLE3/BDEU_BASE     0.3937   0.4597      0.6766        0.6753        0.5645     0.5804     0.4821  0.547471
HC/STABLE3/BDEU_PLUS     0.4455   0.3478      0.8250        0.6055        0.5767     0.6638     0.5590  0.574757
TABU/STABLE3/BDEU_DEC    0.5272   0.4760      0.8123        0.5773        0.5463     0.6760     0.5948  0.601414
TABU/STABLE3/BDEU_PLUS   0.5022   0.3840      0.8123        0.6272        0.5723     0.6763     0.5630  0.591043
TABU/STABLE3/BDEU_BASE   0.4710   0.4625      0.7674        0.6890        0.5957     0.6628     0.4915  0.591414
TABU/STABLE3/BDEU_INC    0.4173   0.3760      0.5700        0.6322        0.5892     0.6915     0.4407  0.530986


bsf-e metric
                        sachs_c  covid_c  building_c  magic-niab_c  magic-irri_c  ecoli70_c  arth150_c      MEAN
series
HC/STABLE3/BDEU_BASE     0.6603   0.4245      0.8616        0.7588        0.6696     0.7875     0.7666  0.704129
HC/STABLE3/BDEU_PLUS     0.7057   0.3702      0.9260        0.7522        0.6698     0.8260     0.7817  0.718800
TABU/STABLE3/BDEU_DEC    0.6845   0.4858      0.9240        0.7360        0.6545     0.8375     0.8130  0.733614
TABU/STABLE3/BDEU_PLUS   0.6763   0.4073      0.9240        0.7600        0.6753     0.8257     0.7850  0.721943
TABU/STABLE3/BDEU_BASE   0.6564   0.4748      0.9325        0.7714        0.6853     0.8143     0.7765  0.730171
TABU/STABLE3/BDEU_INC    0.6763   0.4073      0.8203        0.7610        0.6733     0.8305     0.7372  0.700843


score metric
                        sachs_c  covid_c  building_c  magic-niab_c  magic-irri_c  ecoli70_c  arth150_c       MEAN
series
HC/STABLE3/BDEU_BASE   -68.6215 -91.2056     -9.6615      -49.1686      -77.1754   -42.5850   -37.9138 -53.761629
HC/STABLE3/BDEU_PLUS   -68.6166 -91.1531     -9.4252      -49.1495      -77.1621   -42.5819   -37.8812 -53.709943
TABU/STABLE3/BDEU_DEC  -68.6147 -91.2220     -9.4252      -49.1742      -77.1871   -42.5659   -37.8881 -53.725314
TABU/STABLE3/BDEU_PLUS -68.6140 -91.1493     -9.4252      -49.1492      -77.1600   -42.5786   -37.8810 -53.708186
TABU/STABLE3/BDEU_BASE -68.6154 -91.1871     -9.4781      -49.1615      -77.1709   -42.5712   -37.9082 -53.727486
TABU/STABLE3/BDEU_INC  -68.6140 -91.1493     -9.5012      -49.1487      -77.1600   -42.5982   -37.8979 -53.724186


time metric
                        sachs_c  covid_c  building_c  magic-niab_c  magic-irri_c  ecoli70_c  arth150_c       MEAN
series
HC/STABLE3/BDEU_BASE      0.230    1.315       1.995         8.200        30.715      7.640     87.050  19.592143
HC/STABLE3/BDEU_PLUS      0.630    3.060       4.305        27.850        49.750     19.980    125.375  32.992857
TABU/STABLE3/BDEU_DEC     0.360    1.450       1.880        22.805        27.955     10.945    112.185  25.368571
TABU/STABLE3/BDEU_PLUS    0.360    2.015       2.365        15.040        33.315     11.535    112.690  25.331429
TABU/STABLE3/BDEU_BASE    0.285    1.145       1.725         5.865        19.020      6.875     65.055  14.281429
TABU/STABLE3/BDEU_INC     0.225    1.395       2.275        14.135        25.475     17.415    126.080  26.714286


p-e metric
                        sachs_c  covid_c  building_c  magic-niab_c  magic-irri_c  ecoli70_c  arth150_c      MEAN
series
HC/STABLE3/BDEU_BASE     0.6542   0.3844      0.6975        0.6564        0.5314     0.4894     0.2891  0.528914
HC/STABLE3/BDEU_PLUS     0.7045   0.2822      0.8083        0.5867        0.5481     0.5774     0.3457  0.550414
TABU/STABLE3/BDEU_DEC    0.5213   0.4817      0.7921        0.5308        0.4806     0.5756     0.3687  0.535829
TABU/STABLE3/BDEU_PLUS   0.6083   0.3733      0.7921        0.5996        0.5440     0.5651     0.3458  0.546886
TABU/STABLE3/BDEU_BASE   0.6638   0.4588      0.8376        0.6761        0.5698     0.5533     0.3068  0.580886
TABU/STABLE3/BDEU_INC    0.6083   0.3733      0.5641        0.6225        0.5608     0.5619     0.2467  0.505371


r-e metric
                        sachs_c  covid_c  building_c  magic-niab_c  magic-irri_c  ecoli70_c  arth150_c      MEAN
series
HC/STABLE3/BDEU_BASE     0.4412   0.3243      0.7906        0.6682        0.5593     0.5993     0.4983  0.554457
HC/STABLE3/BDEU_PLUS     0.4412   0.2432      0.8906        0.6553        0.5515     0.6893     0.5167  0.569686
TABU/STABLE3/BDEU_DEC    0.2794   0.4189      0.8828        0.6136        0.5392     0.6750     0.5550  0.566271
TABU/STABLE3/BDEU_PLUS   0.3529   0.3176      0.8828        0.6667        0.5515     0.6750     0.5167  0.566171
TABU/STABLE3/BDEU_BASE   0.4412   0.3878      0.9062        0.6848        0.5873     0.6336     0.5197  0.594371
TABU/STABLE3/BDEU_INC    0.3529   0.3176      0.6875        0.6818        0.5588     0.6214     0.4383  0.522614



Means across all sample sizes and networks:

                        expts    f1-e  f1-e-std      f1   bsf-e    score  time     p-e     r-e
HC/STABLE3/BDEU_BASE     20.0  0.5261    0.0826  0.5475  0.7041 -53.7616  19.6  0.5289  0.5545
HC/STABLE3/BDEU_PLUS     20.0  0.5455    0.0000  0.5748  0.7188 -53.7099  33.0  0.5504  0.5697
TABU/STABLE3/BDEU_DEC    20.0  0.5349    0.0000  0.6014  0.7336 -53.7253  25.4  0.5358  0.5663
TABU/STABLE3/BDEU_PLUS   20.0  0.5415    0.0000  0.5910  0.7219 -53.7082  25.3  0.5469  0.5662
TABU/STABLE3/BDEU_BASE   20.0  0.5724    0.0870  0.5914  0.7302 -53.7275  14.3  0.5809  0.5944
TABU/STABLE3/BDEU_INC    20.0  0.4982    0.0000  0.5310  0.7008 -53.7242  26.7  0.5054  0.5226
