============================= test session starts =============================
platform win32 -- Python 3.8.2, pytest-6.2.2, py-1.10.0, pluggy-0.13.1
rootdir: C:\dev\causal-iq\discovery, configfile: papers.ini
plugins: forked-1.3.0, xdist-2.3.0
collected 118 items / 117 deselected / 1 selected

experiments\papers\ijar_stability\tabu_stable_ijar_v1.py 

Sample sizes are [100, 1000, 10000, 100000]


**Series ['TABU/BASE3', 'TABU/STABLE3/DEC_SCORE', 'TABU/STABLE3/INC_SCORE', 'TABU/STABLE3/SCORE_PLUS', 'HC/BASE3', 'HC/STABLE3/SCORE_PLUS', 'HC/SCORE/REF', 'HC/SCORE/EMPTY']
Scanning traces of sachs_c in TABU/BASE3
Scanning traces of sachs_c in TABU/STABLE3/DEC_SCORE
Scanning traces of sachs_c in TABU/STABLE3/INC_SCORE
Scanning traces of sachs_c in TABU/STABLE3/SCORE_PLUS
Scanning traces of sachs_c in HC/BASE3
Scanning traces of sachs_c in HC/STABLE3/SCORE_PLUS
Scanning traces of sachs_c in HC/SCORE/REF
Scanning traces of sachs_c in HC/SCORE/EMPTY
Scanning traces of covid_c in TABU/BASE3
Scanning traces of covid_c in TABU/STABLE3/DEC_SCORE
Scanning traces of covid_c in TABU/STABLE3/INC_SCORE
Scanning traces of covid_c in TABU/STABLE3/SCORE_PLUS
Scanning traces of covid_c in HC/BASE3
Scanning traces of covid_c in HC/STABLE3/SCORE_PLUS
Scanning traces of covid_c in HC/SCORE/REF
Scanning traces of covid_c in HC/SCORE/EMPTY
Scanning traces of building_c in TABU/BASE3
Scanning traces of building_c in TABU/STABLE3/DEC_SCORE
Scanning traces of building_c in TABU/STABLE3/INC_SCORE
Scanning traces of building_c in TABU/STABLE3/SCORE_PLUS
Scanning traces of building_c in HC/BASE3
Scanning traces of building_c in HC/STABLE3/SCORE_PLUS
Scanning traces of building_c in HC/SCORE/REF
Scanning traces of building_c in HC/SCORE/EMPTY
Scanning traces of magic-niab_c in TABU/BASE3
Scanning traces of magic-niab_c in TABU/STABLE3/DEC_SCORE
Scanning traces of magic-niab_c in TABU/STABLE3/INC_SCORE
Scanning traces of magic-niab_c in TABU/STABLE3/SCORE_PLUS
Scanning traces of magic-niab_c in HC/BASE3
Scanning traces of magic-niab_c in HC/STABLE3/SCORE_PLUS
Scanning traces of magic-niab_c in HC/SCORE/REF
Scanning traces of magic-niab_c in HC/SCORE/EMPTY
Scanning traces of magic-irri_c in TABU/BASE3
Scanning traces of magic-irri_c in TABU/STABLE3/DEC_SCORE
Scanning traces of magic-irri_c in TABU/STABLE3/INC_SCORE
Scanning traces of magic-irri_c in TABU/STABLE3/SCORE_PLUS
Scanning traces of magic-irri_c in HC/BASE3
Scanning traces of magic-irri_c in HC/STABLE3/SCORE_PLUS
Scanning traces of magic-irri_c in HC/SCORE/REF
Scanning traces of magic-irri_c in HC/SCORE/EMPTY
Scanning traces of ecoli70_c in TABU/BASE3
Scanning traces of ecoli70_c in TABU/STABLE3/DEC_SCORE
Scanning traces of ecoli70_c in TABU/STABLE3/INC_SCORE
Scanning traces of ecoli70_c in TABU/STABLE3/SCORE_PLUS
Scanning traces of ecoli70_c in HC/BASE3
Scanning traces of ecoli70_c in HC/STABLE3/SCORE_PLUS
Scanning traces of ecoli70_c in HC/SCORE/REF
Scanning traces of ecoli70_c in HC/SCORE/EMPTY
Scanning traces of arth150_c in TABU/BASE3
Scanning traces of arth150_c in TABU/STABLE3/DEC_SCORE
Scanning traces of arth150_c in TABU/STABLE3/INC_SCORE
Scanning traces of arth150_c in TABU/STABLE3/SCORE_PLUS
Scanning traces of arth150_c in HC/BASE3
Scanning traces of arth150_c in HC/STABLE3/SCORE_PLUS
Scanning traces of arth150_c in HC/SCORE/REF
Scanning traces of arth150_c in HC/SCORE/EMPTY

expts metric
                         sachs_c  covid_c  building_c  magic-niab_c  magic-irri_c  ecoli70_c  arth150_c   MEAN
series                                                                                                        
HC/SCORE/REF                   4        4           4             4             4          4          4    4.0
TABU/STABLE3/INC_SCORE       100      100         100           100           100        100        100  100.0
HC/BASE3                     100      100         100           100           100        100        100  100.0
TABU/STABLE3/SCORE_PLUS      100      100         100           100           100        100        100  100.0
TABU/BASE3                   100      100         100           100           100        100        100  100.0
HC/STABLE3/SCORE_PLUS        100      100         100           100           100        100        100  100.0
TABU/STABLE3/DEC_SCORE       100      100         100           100           100        100        100  100.0
HC/SCORE/EMPTY                 4        4           4             4             4          4          4    4.0


f1-e metric
                         sachs_c  covid_c  building_c  magic-niab_c  magic-irri_c  ecoli70_c  arth150_c      MEAN
series                                                                                                           
HC/SCORE/REF              1.0000   1.0000      1.0000        1.0000        1.0000     1.0000     1.0000  1.000000
TABU/STABLE3/INC_SCORE    0.3163   0.3043      0.6080        0.6362        0.5528     0.5640     0.3505  0.476014
HC/BASE3                  0.5654   0.3785      0.7157        0.6159        0.5277     0.5050     0.4038  0.530286
TABU/STABLE3/SCORE_PLUS   0.3163   0.3377      0.8035        0.6358        0.5493     0.5760     0.4805  0.528443
TABU/BASE3                0.5040   0.4342      0.8291        0.6426        0.5487     0.5535     0.4223  0.562057
HC/STABLE3/SCORE_PLUS     0.3830   0.2955      0.8390        0.6172        0.5440     0.5745     0.4733  0.532357
TABU/STABLE3/DEC_SCORE    0.3862   0.4460      0.8035        0.5845        0.5535     0.5940     0.4808  0.549786
HC/SCORE/EMPTY            0.0000   0.0000      0.0000        0.0000        0.0000     0.0000     0.0000  0.000000


f1-e-std metric
                         sachs_c  covid_c  building_c  magic-niab_c  magic-irri_c  ecoli70_c  arth150_c      MEAN
series                                                                                                           
HC/SCORE/REF                 NaN      NaN         NaN           NaN           NaN        NaN        NaN       NaN
TABU/STABLE3/INC_SCORE    0.0000   0.0000      0.0000        0.0000        0.0000     0.0000     0.0000  0.000000
HC/BASE3                  0.1916   0.1017      0.1182        0.1018        0.0646     0.0745     0.0490  0.100200
TABU/STABLE3/SCORE_PLUS   0.0000   0.0000      0.0000        0.0000        0.0000     0.0000     0.0000  0.000000
TABU/BASE3                0.2047   0.0966      0.0870        0.0971        0.0702     0.0910     0.0521  0.099814
HC/STABLE3/SCORE_PLUS     0.0000   0.0000      0.0000        0.0000        0.0000     0.0000     0.0000  0.000000
TABU/STABLE3/DEC_SCORE    0.0000   0.0000      0.0000        0.0000        0.0000     0.0000     0.0000  0.000000
HC/SCORE/EMPTY               NaN      NaN         NaN           NaN           NaN        NaN        NaN       NaN


f1 metric
                         sachs_c  covid_c  building_c  magic-niab_c  magic-irri_c  ecoli70_c  arth150_c      MEAN
series                                                                                                           
HC/SCORE/REF              1.0000   1.0000      1.0000        1.0000        1.0000     1.0000     1.0000  1.000000
TABU/STABLE3/INC_SCORE    0.4370   0.3705      0.5517        0.6507        0.5815     0.6480     0.4760  0.530771
HC/BASE3                  0.4511   0.4418      0.6596        0.6271        0.5586     0.5687     0.5357  0.548943
TABU/STABLE3/SCORE_PLUS   0.4682   0.3895      0.7960        0.6430        0.5805     0.6613     0.6350  0.596214
TABU/BASE3                0.5223   0.4706      0.7475        0.6522        0.5736     0.6355     0.5490  0.592957
HC/STABLE3/SCORE_PLUS     0.4377   0.3810      0.8168        0.6115        0.5805     0.6440     0.6275  0.585571
TABU/STABLE3/DEC_SCORE    0.5175   0.4590      0.7960        0.6025        0.5777     0.6728     0.6378  0.609043
HC/SCORE/EMPTY            0.0000   0.0000      0.0000        0.0000        0.0000     0.0000     0.0000  0.000000


bsf-e metric
                         sachs_c  covid_c  building_c  magic-niab_c  magic-irri_c  ecoli70_c  arth150_c      MEAN
series                                                                                                           
HC/SCORE/REF              1.0000   1.0000      1.0000        1.0000        1.0000     1.0000     1.0000  1.000000
TABU/STABLE3/INC_SCORE    0.7662   0.4210      0.8063        0.7860        0.7055     0.8330     0.7360  0.722000
HC/BASE3                  0.7593   0.4685      0.8691        0.7657        0.6913     0.7874     0.7652  0.729500
TABU/STABLE3/SCORE_PLUS   0.7662   0.4263      0.9218        0.7895        0.6965     0.8237     0.8077  0.747386
TABU/BASE3                0.7689   0.5064      0.9270        0.7807        0.7027     0.8139     0.7737  0.753329
HC/STABLE3/SCORE_PLUS     0.7662   0.4135      0.9238        0.7770        0.6875     0.8217     0.8037  0.741914
TABU/STABLE3/DEC_SCORE    0.7677   0.5155      0.9218        0.7652        0.7055     0.8357     0.8075  0.759843
HC/SCORE/EMPTY            0.0000   0.0000      0.0000        0.0000        0.0000     0.0000     0.0000  0.000000


score metric
                         sachs_c   covid_c  building_c  magic-niab_c  magic-irri_c  ecoli70_c  arth150_c       MEAN
series                                                                                                             
HC/SCORE/REF            -67.9874   -90.1249     -2.3891      -49.2406      -77.2543   -42.3818   -38.6545 -52.576086
TABU/STABLE3/INC_SCORE  -67.9577   -90.0661     -2.4181      -48.9903      -76.7396   -42.2609   -37.9038 -52.333786
HC/BASE3                -67.9609   -90.0705     -2.4021      -49.0019      -76.7451   -42.2815   -37.8956 -52.336800
TABU/STABLE3/SCORE_PLUS -67.9577   -90.0655     -2.3826      -48.9892      -76.7333   -42.2743   -37.8581 -52.322957
TABU/BASE3              -67.9587   -90.0674     -2.3933      -48.9989      -76.7411   -42.2674   -37.8868 -52.330514
HC/STABLE3/SCORE_PLUS   -67.9591   -90.0701     -2.3838      -48.9916      -76.7361   -42.2775   -37.8694 -52.326800
TABU/STABLE3/DEC_SCORE  -67.9586   -90.0982     -2.3826      -49.0054      -76.7375   -42.2727   -37.8545 -52.329929
HC/SCORE/EMPTY          -73.1885  -101.3074    -40.2316      -50.4217      -83.6172   -74.9003   -61.5820 -69.321243


score-std metric
                         sachs_c  covid_c  building_c  magic-niab_c  magic-irri_c  ecoli70_c  arth150_c      MEAN
series                                                                                                           
HC/SCORE/REF                 NaN      NaN         NaN           NaN           NaN        NaN        NaN       NaN
TABU/STABLE3/INC_SCORE    0.0000   0.0000      0.0000        0.0000        0.0000     0.0000     0.0000  0.000000
HC/BASE3                  0.0025   0.0095      0.0143        0.0113        0.0132     0.0238     0.0375  0.016014
TABU/STABLE3/SCORE_PLUS   0.0000   0.0000      0.0000        0.0000        0.0000     0.0000     0.0000  0.000000
TABU/BASE3                0.0012   0.0095      0.0111        0.0106        0.0132     0.0231     0.0367  0.015057
HC/STABLE3/SCORE_PLUS     0.0000   0.0000      0.0000        0.0000        0.0000     0.0000     0.0000  0.000000
TABU/STABLE3/DEC_SCORE    0.0000   0.0000      0.0000        0.0000        0.0000     0.0000     0.0000  0.000000
HC/SCORE/EMPTY               NaN      NaN         NaN           NaN           NaN        NaN        NaN       NaN


time metric
                         sachs_c  covid_c  building_c  magic-niab_c  magic-irri_c  ecoli70_c  arth150_c       MEAN
series                                                                                                            
HC/SCORE/REF               0.000    0.000       0.000         0.000         0.000      0.000      0.000   0.000000
TABU/STABLE3/INC_SCORE     1.622   10.301      18.222        49.105        96.930     37.569    178.409  56.022571
HC/BASE3                   1.075    5.977       7.218        41.427        79.288     28.324    122.561  40.838571
TABU/STABLE3/SCORE_PLUS    1.041    5.914       5.861        31.379        64.996     21.239    238.689  52.731286
TABU/BASE3                 0.667    3.136       3.989        16.403        45.199     18.059    123.001  30.064857
HC/STABLE3/SCORE_PLUS      2.344   16.223      14.694        72.581       127.546     32.148    217.199  68.962143
TABU/STABLE3/DEC_SCORE     2.154    9.996      10.077        58.381        49.450     20.667    110.151  37.268000
HC/SCORE/EMPTY             0.000    0.000       0.000         0.000         0.000      0.000      0.000   0.000000


p-e metric
                         sachs_c  covid_c  building_c  magic-niab_c  magic-irri_c  ecoli70_c  arth150_c      MEAN
series                                                                                                           
HC/SCORE/REF              1.0000   1.0000      1.0000        1.0000        1.0000     1.0000     1.0000  1.000000
TABU/STABLE3/INC_SCORE    0.3736   0.3081      0.5509        0.5933        0.5299     0.5252     0.2899  0.452986
HC/BASE3                  0.6261   0.3735      0.6645        0.5773        0.4922     0.4475     0.3423  0.503343
TABU/STABLE3/SCORE_PLUS   0.3736   0.3432      0.7538        0.5925        0.5211     0.5209     0.4248  0.504271
TABU/BASE3                0.5463   0.4368      0.7940        0.6090        0.5160     0.5055     0.3599  0.538214
HC/STABLE3/SCORE_PLUS     0.4597   0.2916      0.7927        0.5686        0.5202     0.5180     0.4178  0.509800
TABU/STABLE3/DEC_SCORE    0.4387   0.4343      0.7538        0.5323        0.5097     0.5409     0.4258  0.519357
HC/SCORE/EMPTY            0.0000   0.0000      0.0000        0.0000        0.0000     0.0000     0.0000  0.000000


r-e metric
                         sachs_c  covid_c  building_c  magic-niab_c  magic-irri_c  ecoli70_c  arth150_c      MEAN
series                                                                                                           
HC/SCORE/REF              1.0000   1.0000      1.0000        1.0000        1.0000     1.0000     1.0000  1.000000
TABU/STABLE3/INC_SCORE    0.2794   0.3041      0.6797        0.6894        0.5809     0.6143     0.4483  0.513729
HC/BASE3                  0.5318   0.3884      0.7778        0.6662        0.5720     0.5819     0.5001  0.574029
TABU/STABLE3/SCORE_PLUS   0.2794   0.3378      0.8594        0.6894        0.5833     0.6464     0.5667  0.566057
TABU/BASE3                0.4776   0.4370      0.8697        0.6858        0.5892     0.6166     0.5197  0.599371
HC/STABLE3/SCORE_PLUS     0.3382   0.3041      0.8906        0.6780        0.5735     0.6464     0.5583  0.569871
TABU/STABLE3/DEC_SCORE    0.3529   0.4595      0.8594        0.6591        0.6103     0.6607     0.5667  0.595514
HC/SCORE/EMPTY            0.0000   0.0000      0.0000        0.0000        0.0000     0.0000     0.0000  0.000000



Means across all sample sizes and networks:

                         expts    f1-e  f1-e-std      f1   bsf-e    score  score-std  time     p-e     r-e
HC/SCORE/REF               4.0  1.0000       NaN  1.0000  1.0000 -52.5761        NaN   0.0  1.0000  1.0000
TABU/STABLE3/INC_SCORE   100.0  0.4760    0.0000  0.5308  0.7220 -52.3338     0.0000  56.0  0.4530  0.5137
HC/BASE3                 100.0  0.5303    0.1002  0.5489  0.7295 -52.3368     0.0160  40.8  0.5033  0.5740
TABU/STABLE3/SCORE_PLUS  100.0  0.5284    0.0000  0.5962  0.7474 -52.3230     0.0000  52.7  0.5043  0.5661
TABU/BASE3               100.0  0.5621    0.0998  0.5930  0.7533 -52.3305     0.0151  30.1  0.5382  0.5994
HC/STABLE3/SCORE_PLUS    100.0  0.5324    0.0000  0.5856  0.7419 -52.3268     0.0000  69.0  0.5098  0.5699
TABU/STABLE3/DEC_SCORE   100.0  0.5498    0.0000  0.6090  0.7598 -52.3299     0.0000  37.3  0.5194  0.5955
HC/SCORE/EMPTY             4.0  0.0000       NaN  0.0000  0.0000 -69.3212        NaN   0.0  0.0000  0.0000
.

========= 1 passed, 117 deselected, 20 warnings in 386.89s (0:06:26) ==========
