============================= test session starts =============================
platform win32 -- Python 3.8.2, pytest-6.2.2, py-1.10.0, pluggy-0.13.1
rootdir: C:\dev\causal-iq\discovery, configfile: papers.ini
plugins: forked-1.3.0, xdist-2.3.0
collected 118 items / 117 deselected / 1 selected

experiments\papers\ijar_stability\tabu_stable_ijar_v1.py 

Sample sizes are [100000]


**Series ['TABU/BASE3', 'TABU/STABLE3/DEC_SCORE', 'TABU/STABLE3/INC_SCORE', 'TABU/STABLE3/SCORE_PLUS', 'HC/BASE3', 'HC/STABLE3/SCORE_PLUS', 'HC/SCORE/REF', 'HC/SCORE/EMPTY']
Scanning traces of asia in TABU/BASE3
Scanning traces of asia in TABU/STABLE3/DEC_SCORE
Scanning traces of asia in TABU/STABLE3/INC_SCORE
Scanning traces of asia in TABU/STABLE3/SCORE_PLUS
Scanning traces of asia in HC/BASE3
Scanning traces of asia in HC/STABLE3/SCORE_PLUS
Scanning traces of asia in HC/SCORE/REF
Scanning traces of asia in HC/SCORE/EMPTY
Scanning traces of sports in TABU/BASE3
Scanning traces of sports in TABU/STABLE3/DEC_SCORE
Scanning traces of sports in TABU/STABLE3/INC_SCORE
Scanning traces of sports in TABU/STABLE3/SCORE_PLUS
Scanning traces of sports in HC/BASE3
Scanning traces of sports in HC/STABLE3/SCORE_PLUS
Scanning traces of sports in HC/SCORE/REF
Scanning traces of sports in HC/SCORE/EMPTY
Scanning traces of sachs in TABU/BASE3
Scanning traces of sachs in TABU/STABLE3/DEC_SCORE
Scanning traces of sachs in TABU/STABLE3/INC_SCORE
Scanning traces of sachs in TABU/STABLE3/SCORE_PLUS
Scanning traces of sachs in HC/BASE3
Scanning traces of sachs in HC/STABLE3/SCORE_PLUS
Scanning traces of sachs in HC/SCORE/REF
Scanning traces of sachs in HC/SCORE/EMPTY
Scanning traces of covid in TABU/BASE3
Scanning traces of covid in TABU/STABLE3/DEC_SCORE
Scanning traces of covid in TABU/STABLE3/INC_SCORE
Scanning traces of covid in TABU/STABLE3/SCORE_PLUS
Scanning traces of covid in HC/BASE3
Scanning traces of covid in HC/STABLE3/SCORE_PLUS
Scanning traces of covid in HC/SCORE/REF
Scanning traces of covid in HC/SCORE/EMPTY
Scanning traces of child in TABU/BASE3
Scanning traces of child in TABU/STABLE3/DEC_SCORE
Scanning traces of child in TABU/STABLE3/INC_SCORE
Scanning traces of child in TABU/STABLE3/SCORE_PLUS
Scanning traces of child in HC/BASE3
Scanning traces of child in HC/STABLE3/SCORE_PLUS
Scanning traces of child in HC/SCORE/REF
Scanning traces of child in HC/SCORE/EMPTY
Scanning traces of insurance in TABU/BASE3
Scanning traces of insurance in TABU/STABLE3/DEC_SCORE
Scanning traces of insurance in TABU/STABLE3/INC_SCORE
Scanning traces of insurance in TABU/STABLE3/SCORE_PLUS
Scanning traces of insurance in HC/BASE3
Scanning traces of insurance in HC/STABLE3/SCORE_PLUS
Scanning traces of insurance in HC/SCORE/REF
Scanning traces of insurance in HC/SCORE/EMPTY
Scanning traces of property in TABU/BASE3
Scanning traces of property in TABU/STABLE3/DEC_SCORE
Scanning traces of property in TABU/STABLE3/INC_SCORE
Scanning traces of property in TABU/STABLE3/SCORE_PLUS
Scanning traces of property in HC/BASE3
Scanning traces of property in HC/STABLE3/SCORE_PLUS
Scanning traces of property in HC/SCORE/REF
Scanning traces of property in HC/SCORE/EMPTY
Scanning traces of diarrhoea in TABU/BASE3
Scanning traces of diarrhoea in TABU/STABLE3/DEC_SCORE
Scanning traces of diarrhoea in TABU/STABLE3/INC_SCORE
Scanning traces of diarrhoea in TABU/STABLE3/SCORE_PLUS
Scanning traces of diarrhoea in HC/BASE3
Scanning traces of diarrhoea in HC/STABLE3/SCORE_PLUS
Scanning traces of diarrhoea in HC/SCORE/REF
Scanning traces of diarrhoea in HC/SCORE/EMPTY
Scanning traces of water in TABU/BASE3
Scanning traces of water in TABU/STABLE3/DEC_SCORE
Scanning traces of water in TABU/STABLE3/INC_SCORE
Scanning traces of water in TABU/STABLE3/SCORE_PLUS
Scanning traces of water in HC/BASE3
Scanning traces of water in HC/STABLE3/SCORE_PLUS
Scanning traces of water in HC/SCORE/REF
Scanning traces of water in HC/SCORE/EMPTY
Scanning traces of mildew in TABU/BASE3
Scanning traces of mildew in TABU/STABLE3/DEC_SCORE
Scanning traces of mildew in TABU/STABLE3/INC_SCORE
Scanning traces of mildew in TABU/STABLE3/SCORE_PLUS
Scanning traces of mildew in HC/BASE3
Scanning traces of mildew in HC/STABLE3/SCORE_PLUS
Scanning traces of mildew in HC/SCORE/REF
Scanning traces of mildew in HC/SCORE/EMPTY
Scanning traces of alarm in TABU/BASE3
Scanning traces of alarm in TABU/STABLE3/DEC_SCORE
Scanning traces of alarm in TABU/STABLE3/INC_SCORE
Scanning traces of alarm in TABU/STABLE3/SCORE_PLUS
Scanning traces of alarm in HC/BASE3
Scanning traces of alarm in HC/STABLE3/SCORE_PLUS
Scanning traces of alarm in HC/SCORE/REF
Scanning traces of alarm in HC/SCORE/EMPTY
Scanning traces of barley in TABU/BASE3
Scanning traces of barley in TABU/STABLE3/DEC_SCORE
Scanning traces of barley in TABU/STABLE3/INC_SCORE
Scanning traces of barley in TABU/STABLE3/SCORE_PLUS
Scanning traces of barley in HC/BASE3
Scanning traces of barley in HC/STABLE3/SCORE_PLUS
Scanning traces of barley in HC/SCORE/REF
Scanning traces of barley in HC/SCORE/EMPTY
Scanning traces of hailfinder in TABU/BASE3
Scanning traces of hailfinder in TABU/STABLE3/DEC_SCORE
Scanning traces of hailfinder in TABU/STABLE3/INC_SCORE
Scanning traces of hailfinder in TABU/STABLE3/SCORE_PLUS
Scanning traces of hailfinder in HC/BASE3
Scanning traces of hailfinder in HC/STABLE3/SCORE_PLUS
Scanning traces of hailfinder in HC/SCORE/REF
Scanning traces of hailfinder in HC/SCORE/EMPTY
Scanning traces of hepar2 in TABU/BASE3
Scanning traces of hepar2 in TABU/STABLE3/DEC_SCORE
Scanning traces of hepar2 in TABU/STABLE3/INC_SCORE
Scanning traces of hepar2 in TABU/STABLE3/SCORE_PLUS
Scanning traces of hepar2 in HC/BASE3
Scanning traces of hepar2 in HC/STABLE3/SCORE_PLUS
Scanning traces of hepar2 in HC/SCORE/REF
Scanning traces of hepar2 in HC/SCORE/EMPTY
Scanning traces of win95pts in TABU/BASE3
Scanning traces of win95pts in TABU/STABLE3/DEC_SCORE
Scanning traces of win95pts in TABU/STABLE3/INC_SCORE
Scanning traces of win95pts in TABU/STABLE3/SCORE_PLUS
Scanning traces of win95pts in HC/BASE3
Scanning traces of win95pts in HC/STABLE3/SCORE_PLUS
Scanning traces of win95pts in HC/SCORE/REF
Scanning traces of win95pts in HC/SCORE/EMPTY
Scanning traces of formed in TABU/BASE3
Scanning traces of formed in TABU/STABLE3/DEC_SCORE
Scanning traces of formed in TABU/STABLE3/INC_SCORE
Scanning traces of formed in TABU/STABLE3/SCORE_PLUS
Scanning traces of formed in HC/BASE3
Scanning traces of formed in HC/STABLE3/SCORE_PLUS
Scanning traces of formed in HC/SCORE/REF
Scanning traces of formed in HC/SCORE/EMPTY
Scanning traces of pathfinder in TABU/BASE3
Scanning traces of pathfinder in TABU/STABLE3/DEC_SCORE
Scanning traces of pathfinder in TABU/STABLE3/INC_SCORE
Scanning traces of pathfinder in TABU/STABLE3/SCORE_PLUS
Scanning traces of pathfinder in HC/BASE3
Scanning traces of pathfinder in HC/STABLE3/SCORE_PLUS
Scanning traces of pathfinder in HC/SCORE/REF
Scanning traces of pathfinder in HC/SCORE/EMPTY

expts metric
                         asia  sports  sachs  covid  child  insurance  property  diarrhoea  water  mildew  alarm  barley  hailfinder  hepar2  win95pts  formed  pathfinder  MEAN
series                                                                                                                                                                          
TABU/STABLE3/DEC_SCORE     25      25     25     25     25         25        25         25     25      25     25      25          25      25        25      25          25  25.0
TABU/STABLE3/INC_SCORE     25      25     25     25     25         25        25         25     25      25     25      25          25      25        25      25          25  25.0
HC/SCORE/REF                1       1      1      1      1          1         1          1      1       1      1       1           1       1         1       1           1   1.0
TABU/STABLE3/SCORE_PLUS    25      25     25     25     25         25        25         25     25      25     25      25          25      25        25      25          25  25.0
HC/STABLE3/SCORE_PLUS      25      25     25     25     25         25        25         25     25      25     25      25          25      25        25      25          25  25.0
HC/BASE3                   25      25     25     25     25         25        25         25     25      25     25      25          25      25        25      25          25  25.0
HC/SCORE/EMPTY              1       1      1      1      1          1         1          1      1       1      1       1           1       1         1       1           1   1.0
TABU/BASE3                 25      25     25     25     25         25        25         25     25      25     25      25          25      25        25      25          25  25.0


f1-e metric
                           asia  sports   sachs   covid   child  insurance  property  diarrhoea   water  mildew   alarm  barley  hailfinder  hepar2  win95pts  formed  pathfinder      MEAN
series                                                                                                                                                                                     
TABU/STABLE3/DEC_SCORE   0.8240  0.1290  1.0000  0.8050  0.8630     0.6470    0.5070     0.8120  0.5320  0.3880  0.6800  0.3480      0.7314  0.6780    0.6652  0.2700      0.4260  0.606212
TABU/STABLE3/INC_SCORE   1.0000  1.0000  1.0000  0.8460  1.0000     0.6210    0.9840     0.5150  0.3820  0.3200  0.6190  0.4430      0.5102  0.8850    0.3826  0.8140      0.4300  0.691282
HC/SCORE/REF             1.0000  1.0000  1.0000  1.0000  1.0000     1.0000    1.0000     1.0000  1.0000  1.0000  1.0000  1.0000      1.0000  1.0000    1.0000  1.0000      1.0000  1.000000
TABU/STABLE3/SCORE_PLUS  1.0000  1.0000  1.0000  0.8460  1.0000     0.6670    0.9840     0.7380  0.5320  0.3200  0.5310  0.4840      0.7314  0.8690    0.6652  0.7940      0.4340  0.740918
HC/STABLE3/SCORE_PLUS    0.5880  1.0000  1.0000  0.4810  0.7550     0.6150    0.9840     0.7380  0.5500  0.2350  0.3620  0.4150      0.4760  0.8780    0.6652  0.7390      0.4320  0.641953
HC/BASE3                 0.5786  0.5197  0.9826  0.4567  0.7942     0.5098    0.6104     0.5972  0.2618  0.3687  0.4913  0.4092      0.4560  0.7733    0.5066  0.5698      0.3395  0.542671
HC/SCORE/EMPTY           0.0000  0.0000  0.0000  0.0000  0.0000     0.0000    0.0000     0.0000  0.0000  0.0000  0.0000  0.0000      0.0000  0.0000    0.0000  0.0000      0.0000  0.000000
TABU/BASE3               0.8768  0.5497  0.9988  0.4891  0.9719     0.6439    0.8490     0.6191  0.3252  0.3969  0.6253  0.4370      0.5993  0.7612    0.5654  0.6217      0.3889  0.630541


f1-e-std metric
                           asia  sports   sachs   covid   child  insurance  property  diarrhoea  water  mildew   alarm  barley  hailfinder  hepar2  win95pts  formed  pathfinder      MEAN
series                                                                                                                                                                                    
TABU/STABLE3/DEC_SCORE   0.0000  0.0000  0.0000  0.0000  0.0000     0.0000    0.0000     0.0000  0.000  0.0000  0.0000  0.0000      0.1245  0.0000    0.0120  0.0000      0.0000  0.008029
TABU/STABLE3/INC_SCORE   0.0000  0.0000  0.0000  0.0000  0.0000     0.0000    0.0000     0.0000  0.000  0.0000  0.0000  0.0000      0.0071  0.0000    0.0101  0.0000      0.0000  0.001012
HC/SCORE/REF                NaN     NaN     NaN     NaN     NaN        NaN       NaN        NaN    NaN     NaN     NaN     NaN         NaN     NaN       NaN     NaN         NaN       NaN
TABU/STABLE3/SCORE_PLUS  0.0000  0.0000  0.0000  0.0000  0.0000     0.0000    0.0000     0.0000  0.000  0.0000  0.0000  0.0000      0.1245  0.0000    0.0120  0.0000      0.0000  0.008029
HC/STABLE3/SCORE_PLUS    0.0000  0.0000  0.0000  0.0000  0.0000     0.0000    0.0000     0.0000  0.000  0.0000  0.0000  0.0000      0.0132  0.0000    0.0120  0.0000      0.0000  0.001482
HC/BASE3                 0.3331  0.2792  0.0145  0.1416  0.1126     0.1153    0.1442     0.1020  0.060  0.0698  0.0917  0.0805      0.1301  0.0806    0.0829  0.1059      0.1040  0.120471
HC/SCORE/EMPTY              NaN     NaN     NaN     NaN     NaN        NaN       NaN        NaN    NaN     NaN     NaN     NaN         NaN     NaN       NaN     NaN         NaN       NaN
TABU/BASE3               0.2303  0.2854  0.0058  0.1892  0.0574     0.1614    0.1139     0.0777  0.076  0.0825  0.1386  0.0826      0.1439  0.1148    0.0949  0.1172      0.0676  0.119953


f1 metric
                           asia  sports   sachs   covid   child  insurance  property  diarrhoea   water  mildew   alarm  barley  hailfinder  hepar2  win95pts  formed  pathfinder      MEAN
series                                                                                                                                                                                     
TABU/STABLE3/DEC_SCORE   0.7060  0.0000  0.5880  0.8570  0.7450     0.6670    0.5370     0.7970  0.4590  0.4290  0.6600  0.4100      0.7082  0.7190    0.6327  0.3540      0.5030  0.574818
TABU/STABLE3/INC_SCORE   0.7500  1.0000  0.6470  0.8460  0.8400     0.6800    0.9840     0.7420  0.4730  0.3200  0.6800  0.4560      0.6206  0.8600    0.3346  0.7790      0.5070  0.677600
HC/SCORE/REF             1.0000  1.0000  1.0000  1.0000  1.0000     1.0000    1.0000     1.0000  1.0000  1.0000  1.0000  1.0000      1.0000  1.0000    1.0000  1.0000      1.0000  1.000000
TABU/STABLE3/SCORE_PLUS  0.7500  1.0000  0.6470  0.8460  0.8800     0.7840    0.9840     0.7230  0.4590  0.3200  0.5920  0.5100      0.7082  0.8520    0.6327  0.8010      0.5110  0.705876
HC/STABLE3/SCORE_PLUS    0.3530  1.0000  0.6470  0.7340  0.7170     0.6920    0.9840     0.7230  0.5140  0.2750  0.4190  0.4280      0.5898  0.8440    0.6327  0.7390      0.5100  0.635382
HC/BASE3                 0.4663  0.3803  0.5136  0.5878  0.6767     0.6258    0.6511     0.7338  0.3244  0.3821  0.5369  0.4346      0.5193  0.7817    0.4847  0.6043      0.4957  0.541124
HC/SCORE/EMPTY           0.0000  0.0000  0.0000  0.0000  0.0000     0.0000    0.0000     0.0000  0.0000  0.0000  0.0000  0.0000      0.0000  0.0000    0.0000  0.0000      0.0000  0.000000
TABU/BASE3               0.7009  0.4712  0.5638  0.6465  0.8651     0.7164    0.8344     0.7660  0.3727  0.4071  0.6711  0.4629      0.6122  0.7977    0.5427  0.6413      0.4976  0.621741


bsf-e metric
                           asia  sports   sachs   covid   child  insurance  property  diarrhoea   water  mildew   alarm  barley  hailfinder  hepar2  win95pts  formed  pathfinder      MEAN
series                                                                                                                                                                                     
TABU/STABLE3/DEC_SCORE   0.7750  0.3140  1.0000  0.8550  0.9340     0.6940    0.6820     0.8460  0.5160  0.5310  0.8130  0.4820      0.7265  0.7680    0.7800  0.6470      0.4910  0.697324
TABU/STABLE3/INC_SCORE   1.0000  1.0000  1.0000  0.8950  1.0000     0.7200    0.9680     0.7800  0.4460  0.5580  0.8160  0.5350      0.6991  0.8780    0.6500  0.8940      0.4860  0.783829
HC/SCORE/REF             1.0000  1.0000  1.0000  1.0000  1.0000     1.0000    1.0000     1.0000  1.0000  1.0000  1.0000  1.0000      1.0000  1.0000    1.0000  1.0000      1.0000  1.000000
TABU/STABLE3/SCORE_PLUS  1.0000  1.0000  1.0000  0.8950  1.0000     0.7430    0.9680     0.8200  0.5160  0.5580  0.7600  0.5540      0.7265  0.8730    0.7800  0.8870      0.4860  0.798029
HC/STABLE3/SCORE_PLUS    0.7630  1.0000  1.0000  0.6960  0.9220     0.7170    0.9680     0.8200  0.5230  0.5110  0.6710  0.5230      0.6768  0.8730    0.7800  0.8600      0.4840  0.752224
HC/BASE3                 0.6987  0.5860  0.9844  0.6384  0.9152     0.7032    0.7536     0.7996  0.3934  0.5678  0.7304  0.5205      0.6426  0.8240    0.7101  0.8023      0.4887  0.691700
HC/SCORE/EMPTY           0.0000  0.0000  0.0000  0.0000  0.0000     0.0000    0.0000     0.0000  0.0000  0.0000  0.0000  0.0000      0.0000  0.0000    0.0000  0.0000      0.0000  0.000000
TABU/BASE3               0.9025  0.6204  0.9990  0.6636  0.9866     0.7518    0.8631     0.8058  0.4295  0.5854  0.7961  0.5399      0.6896  0.8166    0.7358  0.8234      0.4886  0.735159


score metric
                           asia   sports   sachs    covid    child  insurance  property  diarrhoea    water   mildew    alarm   barley  hailfinder   hepar2  win95pts   formed  pathfinder       MEAN
series                                                                                                                                                                                               
TABU/STABLE3/DEC_SCORE  -2.2294 -10.8601 -7.1850 -11.5373 -12.2255   -13.1524  -23.4134   -19.2981 -12.9578 -44.8634 -10.5000 -51.9687    -49.2429 -32.5152   -9.1071 -41.6602    -25.3007 -22.236306
TABU/STABLE3/INC_SCORE  -2.2292 -10.7438 -7.1850 -11.5638 -12.2236   -13.1290  -23.3794   -19.3013 -12.9834 -44.6787 -10.4745 -51.9106    -49.2677 -32.5138   -9.1522 -41.6296    -25.2602 -22.213282
HC/SCORE/REF            -2.2292 -10.7438 -7.1850 -11.5801 -12.2236   -13.1242  -23.4415   -19.3477 -13.4780 -57.9148 -10.4736 -55.1203    -49.2635 -32.5408   -9.0997 -41.6103    -27.8004 -23.363324
TABU/STABLE3/SCORE_PLUS -2.2292 -10.7438 -7.1850 -11.5638 -12.2236   -13.1279  -23.3794   -19.2976 -12.9578 -44.6787 -10.4803 -51.9089    -49.2429 -32.5140   -9.1071 -41.6299    -25.2541 -22.207294
HC/STABLE3/SCORE_PLUS   -2.2292 -10.7438 -7.1850 -11.5684 -12.2415   -13.1331  -23.3794   -19.2976 -12.9582 -44.6804 -10.4888 -51.9140    -49.2469 -32.5140   -9.1071 -41.6307    -25.2850 -22.211947
HC/BASE3                -2.2294 -10.8220 -7.1861 -11.6744 -12.2322   -13.1501  -23.3890   -19.3009 -12.9789 -44.7203 -10.4973 -51.8253    -49.2586 -32.5155   -9.1212 -41.6698    -25.4188 -22.234694
HC/SCORE/EMPTY          -2.9668 -13.2557 -9.3725 -20.4127 -17.1836   -21.4800  -39.8410   -21.7811 -17.0596 -61.9783 -20.4714 -81.7255    -69.6950 -35.0844  -19.1975 -59.9176    -62.1619 -33.740271
TABU/BASE3              -2.2293 -10.8118 -7.1850 -11.6323 -12.2242   -13.1344  -23.3846   -19.2980 -12.9743 -44.7107 -10.4902 -51.7543    -49.2535 -32.5143   -9.1196 -41.6674    -25.3487 -22.219565


score-std metric
                           asia  sports   sachs   covid   child  insurance  property  diarrhoea   water  mildew   alarm  barley  hailfinder  hepar2  win95pts  formed  pathfinder      MEAN
series                                                                                                                                                                                     
TABU/STABLE3/DEC_SCORE   0.0000  0.0000  0.0000  0.0000  0.0000     0.0000    0.0000     0.0000  0.0000  0.0000  0.0000  0.0000      0.0000  0.0000    0.0000  0.0000      0.0000  0.000000
TABU/STABLE3/INC_SCORE   0.0000  0.0000  0.0000  0.0000  0.0000     0.0000    0.0000     0.0000  0.0000  0.0000  0.0000  0.0000      0.0000  0.0000    0.0000  0.0000      0.0000  0.000000
HC/SCORE/REF                NaN     NaN     NaN     NaN     NaN        NaN       NaN        NaN     NaN     NaN     NaN     NaN         NaN     NaN       NaN     NaN         NaN       NaN
TABU/STABLE3/SCORE_PLUS  0.0000  0.0000  0.0000  0.0000  0.0000     0.0000    0.0000     0.0000  0.0000  0.0000  0.0000  0.0000      0.0000  0.0000    0.0000  0.0000      0.0000  0.000000
HC/STABLE3/SCORE_PLUS    0.0000  0.0000  0.0000  0.0000  0.0000     0.0000    0.0000     0.0000  0.0000  0.0000  0.0000  0.0000      0.0000  0.0000    0.0000  0.0000      0.0000  0.000000
HC/BASE3                 0.0002  0.0431  0.0010  0.1106  0.0090     0.0290    0.0084     0.0033  0.0085  0.0819  0.0116  0.3293      0.0114  0.0029    0.0084  0.0314      0.0688  0.044635
HC/SCORE/EMPTY              NaN     NaN     NaN     NaN     NaN        NaN       NaN        NaN     NaN     NaN     NaN     NaN         NaN     NaN       NaN     NaN         NaN       NaN
TABU/BASE3               0.0001  0.0418  0.0004  0.1179  0.0022     0.0119    0.0083     0.0010  0.0076  0.0877  0.0121  0.3036      0.0107  0.0015    0.0082  0.0310      0.0456  0.040682


time metric
                         asia  sports  sachs  covid  child  insurance  property  diarrhoea  water  mildew  alarm  barley  hailfinder  hepar2  win95pts  formed  pathfinder       MEAN
series                                                                                                                                                                               
TABU/STABLE3/DEC_SCORE    0.2     0.3    0.7    4.1    1.6        4.3       4.4        7.2    5.4    12.6    8.9    24.3        19.7    28.1      28.5    43.1        56.6  14.705882
TABU/STABLE3/INC_SCORE    0.2     0.3    0.5    2.0    2.0        3.5       2.3        6.9    9.7    15.7   12.8    22.3        23.5    26.9      53.8    55.2        66.2  17.870588
HC/SCORE/REF              0.0     0.0    0.0    0.0    0.0        0.0       0.0        0.0    0.0     0.0    0.0     0.0         0.0     0.0       0.0     0.0         0.0   0.000000
TABU/STABLE3/SCORE_PLUS   0.2     0.4    0.6    2.8    1.9        6.7       3.3        6.3    4.7    12.3    7.7    20.0        17.8    27.1      50.9    61.8        63.6  16.947059
HC/STABLE3/SCORE_PLUS     0.2     0.5    0.6    3.3    2.5        8.4       5.3       11.3    7.4    20.0   11.6    29.7        30.9    34.5      79.9    74.6        74.9  23.270588
HC/BASE3                  0.1     0.2    0.2    1.8    0.9        2.6       2.6        5.4    3.8    11.5    6.3    17.5        13.6    24.8      41.8    36.9        47.9  12.817647
HC/SCORE/EMPTY            0.0     0.0    0.0    0.0    0.0        0.0       0.0        0.0    0.0     0.0    0.0     0.0         0.0     0.0       0.0     0.0         0.0   0.000000
TABU/BASE3                0.1     0.3    0.3    1.9    1.5        3.1       2.2        3.7    2.3     7.5    5.1    12.1         9.9    13.9      34.6    33.9        43.4  10.341176


p-e metric
                           asia  sports   sachs   covid   child  insurance  property  diarrhoea   water  mildew   alarm  barley  hailfinder  hepar2  win95pts  formed  pathfinder      MEAN
series                                                                                                                                                                                     
TABU/STABLE3/DEC_SCORE   0.7778  0.1250  1.0000  0.7750  0.8462     0.6600    0.4722     0.8667  0.6744  0.3654  0.6471  0.3636      0.7372  0.6891    0.6126  0.2308      0.4561  0.605835
TABU/STABLE3/INC_SCORE   1.0000  1.0000  1.0000  0.8049  1.0000     0.6275    1.0000     0.5312  0.4773  0.2963  0.5882  0.4730      0.4855  0.9286    0.3119  0.8028      0.4643  0.693618
HC/SCORE/REF             1.0000  1.0000  1.0000  1.0000  1.0000     1.0000    1.0000     1.0000  1.0000  1.0000  1.0000  1.0000      1.0000  1.0000    1.0000  1.0000      1.0000  1.000000
TABU/STABLE3/SCORE_PLUS  1.0000  1.0000  1.0000  0.8049  1.0000     0.6800    1.0000     0.7742  0.6744  0.2963  0.5000  0.5205      0.7372  0.9035    0.6126  0.7778      0.4675  0.749935
HC/STABLE3/SCORE_PLUS    0.5556  1.0000  1.0000  0.4524  0.7143     0.6154    1.0000     0.7742  0.6977  0.2143  0.3220  0.4400      0.4592  0.9123    0.6126  0.7114      0.4699  0.644194
HC/BASE3                 0.5518  0.5231  0.9667  0.4197  0.7534     0.5138    0.5833     0.6213  0.3150  0.3449  0.4439  0.4341      0.4280  0.7917    0.4477  0.5236      0.3651  0.531006
HC/SCORE/EMPTY           0.0000  0.0000  0.0000  0.0000  0.0000     0.0000    0.0000     0.0000  0.0000  0.0000  0.0000  0.0000      0.0000  0.0000    0.0000  0.0000      0.0000  0.000000
TABU/BASE3               0.8612  0.5543  0.9978  0.4549  0.9680     0.6603    0.8582     0.6487  0.3994  0.3736  0.5921  0.4649      0.5794  0.7847    0.5099  0.5781      0.4171  0.629565


r-e metric
                          asia  sports  sachs   covid   child  insurance  property  diarrhoea   water  mildew   alarm  barley  hailfinder  hepar2  win95pts  formed  pathfinder      MEAN
series                                                                                                                                                                                   
TABU/STABLE3/DEC_SCORE   0.875  0.1333    1.0  0.8378  0.8800     0.6346    0.5484     0.7647  0.4394  0.4130  0.7174  0.3333      0.7261  0.6667    0.7275  0.3261      0.4000  0.613135
TABU/STABLE3/INC_SCORE   1.000  1.0000    1.0  0.8919  1.0000     0.6154    0.9677     0.5000  0.3182  0.3478  0.6522  0.4167      0.5370  0.8455    0.4957  0.8261      0.4000  0.694953
HC/SCORE/REF             1.000  1.0000    1.0  1.0000  1.0000     1.0000    1.0000     1.0000  1.0000  1.0000  1.0000  1.0000      1.0000  1.0000    1.0000  1.0000      1.0000  1.000000
TABU/STABLE3/SCORE_PLUS  1.000  1.0000    1.0  0.8919  1.0000     0.6538    0.9677     0.7059  0.4394  0.3478  0.5652  0.4524      0.7261  0.8374    0.7275  0.8116      0.4051  0.737165
HC/STABLE3/SCORE_PLUS    0.625  1.0000    1.0  0.5135  0.8000     0.6154    0.9677     0.7059  0.4545  0.2609  0.4130  0.3929      0.4939  0.8455    0.7275  0.7681      0.4000  0.646106
HC/BASE3                 0.615  0.5173    1.0  0.5016  0.8416     0.5062    0.6413     0.5747  0.2242  0.3965  0.5513  0.3871      0.4885  0.7558    0.5850  0.6267      0.3173  0.560594
HC/SCORE/EMPTY           0.000  0.0000    0.0  0.0000  0.0000     0.0000    0.0000     0.0000  0.0000  0.0000  0.0000  0.0000      0.0000  0.0000    0.0000  0.0000      0.0000  0.000000
TABU/BASE3               0.895  0.5467    1.0  0.5297  0.9760     0.6285    0.8400     0.5924  0.2745  0.4243  0.6635  0.4124      0.6212  0.7392    0.6361  0.6742      0.3645  0.636365



Means across all sample sizes and networks:

                         expts    f1-e  f1-e-std      f1   bsf-e    score  score-std  time     p-e     r-e
TABU/STABLE3/DEC_SCORE    25.0  0.6062    0.0080  0.5748  0.6973 -22.2363     0.0000  14.7  0.6058  0.6131
TABU/STABLE3/INC_SCORE    25.0  0.6913    0.0010  0.6776  0.7838 -22.2133     0.0000  17.9  0.6936  0.6950
HC/SCORE/REF               1.0  1.0000       NaN  1.0000  1.0000 -23.3633        NaN   0.0  1.0000  1.0000
TABU/STABLE3/SCORE_PLUS   25.0  0.7409    0.0080  0.7059  0.7980 -22.2073     0.0000  16.9  0.7499  0.7372
HC/STABLE3/SCORE_PLUS     25.0  0.6420    0.0015  0.6354  0.7522 -22.2119     0.0000  23.3  0.6442  0.6461
HC/BASE3                  25.0  0.5427    0.1205  0.5411  0.6917 -22.2347     0.0446  12.8  0.5310  0.5606
HC/SCORE/EMPTY             1.0  0.0000       NaN  0.0000  0.0000 -33.7403        NaN   0.0  0.0000  0.0000
TABU/BASE3                25.0  0.6305    0.1200  0.6217  0.7352 -22.2196     0.0407  10.3  0.6296  0.6364
.

========= 1 passed, 117 deselected, 20 warnings in 155.48s (0:02:35) ==========
